<?xml version="1.0" encoding="UTF-8"?>
<!-- Generated by org.testng.reporters.JUnitReportReporter -->
<testsuite hostname="EPINHYDW0D51" failures="1" tests="17" name="com.epam.TestAutomation.Project.Selenium.Tests.TestAttendanceFeatures" time="124.755" errors="0" timestamp="2022-03-10T22:07:01 IST" skipped="0">
  <testcase classname="com.epam.TestAutomation.Project.Selenium.Tests.TestAttendanceFeatures" name="testNavigationToAttendanceSheetPage" time="10.224"/>
  <system-out/>
  <testcase classname="com.epam.TestAutomation.Project.Selenium.Tests.TestAttendanceFeatures" name="testNavigationToPunchInOutPage" time="0.495"/>
  <system-out/>
  <testcase classname="com.epam.TestAutomation.Project.Selenium.Tests.TestAttendanceFeatures" name="testPunchInIconVisibility" time="6.371"/>
  <system-out/>
  <testcase classname="com.epam.TestAutomation.Project.Selenium.Tests.TestAttendanceFeatures" name="testNavigationToPunchInOutPageWithPunchInCardFromAttendanceSheetPageOnClickingPunchInIcon" time="3.428"/>
  <system-out/>
  <testcase classname="com.epam.TestAutomation.Project.Selenium.Tests.TestAttendanceFeatures" name="testPunchInDataAppearsInTimeSheetDetailsAfterPunchIn" time="7.945"/>
  <system-out/>
  <testcase classname="com.epam.TestAutomation.Project.Selenium.Tests.TestAttendanceFeatures" name="testPunchOutIconVisibilityAfterValidPunchIn" time="0.270"/>
  <system-out/>
  <testcase classname="com.epam.TestAutomation.Project.Selenium.Tests.TestAttendanceFeatures" name="testNavigationToPunchInOutPageWithPunchOutCardFromAttendanceSheetPageOnClickingPunchOutIcon" time="2.636"/>
  <system-out/>
  <testcase classname="com.epam.TestAutomation.Project.Selenium.Tests.TestAttendanceFeatures" name="testPunchInDataPresentInPunchOutCard" time="0.204"/>
  <system-out/>
  <testcase classname="com.epam.TestAutomation.Project.Selenium.Tests.TestAttendanceFeatures" name="testPunchOutDataAppearsInTimeSheetDetailsAfterPunchOut" time="8.548"/>
  <system-out/>
  <testcase classname="com.epam.TestAutomation.Project.Selenium.Tests.TestAttendanceFeatures" name="testPunchInOverlappingErrorMessageDisplay" time="5.248"/>
  <system-out/>
  <testcase classname="com.epam.TestAutomation.Project.Selenium.Tests.TestAttendanceFeatures" name="testPunchOutTimeLaterThanIntimeErrorMessageDisplay" time="13.312"/>
  <system-out/>
  <testcase classname="com.epam.TestAutomation.Project.Selenium.Tests.TestAttendanceFeatures" name="testInValidFormatErrorMessage" time="1.765"/>
  <system-out/>
  <testcase classname="com.epam.TestAutomation.Project.Selenium.Tests.TestAttendanceFeatures" name="testInValidTimeFormatErrorMessage" time="1.786"/>
  <system-out/>
  <testcase classname="com.epam.TestAutomation.Project.Selenium.Tests.TestAttendanceFeatures" name="testPunchIconToggleAfterDeletingPunchInData" time="7.265"/>
  <system-out/>
  <testcase classname="com.epam.TestAutomation.Project.Selenium.Tests.TestAttendanceFeatures" name="testPunchCardToggleToPunchOutWhenGivendateHasPunchedInSession" time="20.905"/>
  <system-out/>
  <testcase classname="com.epam.TestAutomation.Project.Selenium.Tests.TestAttendanceFeatures" name="testTotalHoursAggregation" time="24.561"/>
  <system-out/>
  <testcase classname="com.epam.TestAutomation.Project.Selenium.Tests.TestAttendanceFeatures" name="testPunchOutAfterPunchInBeforeValidSession" time="9.792">
    <failure message="expected [false] but found [true]" type="java.lang.AssertionError">
      <![CDATA[java.lang.AssertionError: expected [false] but found [true]
at org.testng.Assert.fail(Assert.java:110)
at org.testng.Assert.failNotEquals(Assert.java:1413)
at org.testng.Assert.assertFalse(Assert.java:78)
at org.testng.Assert.assertFalse(Assert.java:88)
at com.epam.TestAutomation.Project.Selenium.Tests.TestAttendanceFeatures.testPunchOutAfterPunchInBeforeValidSession(TestAttendanceFeatures.java:277)
at java.base/jdk.internal.reflect.NativeMethodAccessorImpl.invoke0(Native Method)
at java.base/jdk.internal.reflect.NativeMethodAccessorImpl.invoke(NativeMethodAccessorImpl.java:77)
at java.base/jdk.internal.reflect.DelegatingMethodAccessorImpl.invoke(DelegatingMethodAccessorImpl.java:43)
at java.base/java.lang.reflect.Method.invoke(Method.java:568)
at org.testng.internal.invokers.MethodInvocationHelper.invokeMethod(MethodInvocationHelper.java:135)
at org.testng.internal.invokers.TestInvoker.invokeMethod(TestInvoker.java:673)
at org.testng.internal.invokers.TestInvoker.invokeTestMethod(TestInvoker.java:220)
at org.testng.internal.invokers.MethodRunner.runInSequence(MethodRunner.java:50)
at org.testng.internal.invokers.TestInvoker$MethodInvocationAgent.invoke(TestInvoker.java:945)
at org.testng.internal.invokers.TestInvoker.invokeTestMethods(TestInvoker.java:193)
at org.testng.internal.invokers.TestMethodWorker.invokeTestMethods(TestMethodWorker.java:146)
at org.testng.internal.invokers.TestMethodWorker.run(TestMethodWorker.java:128)
at java.base/java.util.ArrayList.forEach(ArrayList.java:1511)
at org.testng.TestRunner.privateRun(TestRunner.java:808)
at org.testng.TestRunner.run(TestRunner.java:603)
at org.testng.SuiteRunner.runTest(SuiteRunner.java:429)
at org.testng.SuiteRunner.runSequentially(SuiteRunner.java:423)
at org.testng.SuiteRunner.privateRun(SuiteRunner.java:383)
at org.testng.SuiteRunner.run(SuiteRunner.java:326)
at org.testng.SuiteRunnerWorker.runSuite(SuiteRunnerWorker.java:52)
at org.testng.SuiteRunnerWorker.run(SuiteRunnerWorker.java:95)
at org.testng.TestNG.runSuitesSequentially(TestNG.java:1249)
at org.testng.TestNG.runSuitesLocally(TestNG.java:1169)
at org.testng.TestNG.runSuites(TestNG.java:1092)
at org.testng.TestNG.run(TestNG.java:1060)
at org.testng.remote.AbstractRemoteTestNG.run(AbstractRemoteTestNG.java:115)
at org.testng.remote.RemoteTestNG.initAndRun(RemoteTestNG.java:251)
at org.testng.remote.RemoteTestNG.main(RemoteTestNG.java:77)
]]>
    </failure>
  </testcase> <!-- testPunchOutAfterPunchInBeforeValidSession -->
  <system-out/>
</testsuite> <!-- com.epam.TestAutomation.Project.Selenium.Tests.TestAttendanceFeatures -->
