<?xml version="1.0" encoding="UTF-8"?>
<!-- Generated by org.testng.reporters.JUnitXMLReporter -->
<testsuite ignored="0" hostname="EPINHYDW0D51" failures="1" tests="17" name="TestSeleniumOfAttendancesheet" time="171.497" errors="0" timestamp="2022-03-10T22:07:01 IST">
  <testcase classname="com.epam.TestAutomation.Project.Selenium.Tests.TestAttendanceFeatures" name="testNavigationToAttendanceSheetPage" time="10.224"/>
  <testcase classname="com.epam.TestAutomation.Project.Selenium.Tests.TestAttendanceFeatures" name="testNavigationToPunchInOutPage" time="0.495"/>
  <testcase classname="com.epam.TestAutomation.Project.Selenium.Tests.TestAttendanceFeatures" name="testPunchInIconVisibility" time="6.371"/>
  <testcase classname="com.epam.TestAutomation.Project.Selenium.Tests.TestAttendanceFeatures" name="testNavigationToPunchInOutPageWithPunchInCardFromAttendanceSheetPageOnClickingPunchInIcon" time="3.428"/>
  <testcase classname="com.epam.TestAutomation.Project.Selenium.Tests.TestAttendanceFeatures" name="testPunchInDataAppearsInTimeSheetDetailsAfterPunchIn" time="7.945"/>
  <testcase classname="com.epam.TestAutomation.Project.Selenium.Tests.TestAttendanceFeatures" name="testPunchOutIconVisibilityAfterValidPunchIn" time="0.27"/>
  <testcase classname="com.epam.TestAutomation.Project.Selenium.Tests.TestAttendanceFeatures" name="testNavigationToPunchInOutPageWithPunchOutCardFromAttendanceSheetPageOnClickingPunchOutIcon" time="2.636"/>
  <testcase classname="com.epam.TestAutomation.Project.Selenium.Tests.TestAttendanceFeatures" name="testPunchInDataPresentInPunchOutCard" time="0.204"/>
  <testcase classname="com.epam.TestAutomation.Project.Selenium.Tests.TestAttendanceFeatures" name="testPunchOutDataAppearsInTimeSheetDetailsAfterPunchOut" time="8.548"/>
  <testcase classname="com.epam.TestAutomation.Project.Selenium.Tests.TestAttendanceFeatures" name="testPunchInOverlappingErrorMessageDisplay" time="5.248"/>
  <testcase classname="com.epam.TestAutomation.Project.Selenium.Tests.TestAttendanceFeatures" name="testPunchOutTimeLaterThanIntimeErrorMessageDisplay" time="13.312"/>
  <testcase classname="com.epam.TestAutomation.Project.Selenium.Tests.TestAttendanceFeatures" name="testInValidFormatErrorMessage" time="1.765"/>
  <testcase classname="com.epam.TestAutomation.Project.Selenium.Tests.TestAttendanceFeatures" name="testInValidTimeFormatErrorMessage" time="1.786"/>
  <testcase classname="com.epam.TestAutomation.Project.Selenium.Tests.TestAttendanceFeatures" name="testPunchIconToggleAfterDeletingPunchInData" time="7.265"/>
  <testcase classname="com.epam.TestAutomation.Project.Selenium.Tests.TestAttendanceFeatures" name="testPunchCardToggleToPunchOutWhenGivendateHasPunchedInSession" time="20.905"/>
  <testcase classname="com.epam.TestAutomation.Project.Selenium.Tests.TestAttendanceFeatures" name="testTotalHoursAggregation" time="24.561"/>
  <testcase classname="com.epam.TestAutomation.Project.Selenium.Tests.TestAttendanceFeatures" name="testPunchOutAfterPunchInBeforeValidSession" time="9.792">
    <failure type="java.lang.AssertionError" message="expected [false] but found [true]">
      <![CDATA[java.lang.AssertionError: expected [false] but found [true]
at com.epam.TestAutomation.Project.Selenium.Tests.TestAttendanceFeatures.testPunchOutAfterPunchInBeforeValidSession(TestAttendanceFeatures.java:277)
at java.base/java.util.ArrayList.forEach(ArrayList.java:1511)
... Removed 31 stack frames]]>
    </failure>
  </testcase> <!-- testPunchOutAfterPunchInBeforeValidSession -->
</testsuite> <!-- TestSeleniumOfAttendancesheet -->
