<?xml version="1.0" encoding="UTF-8"?>
<!-- Generated by org.testng.reporters.JUnitXMLReporter -->
<testsuite ignored="0" hostname="EPINHYDW0D51" failures="1" tests="17" name="TestAPIOfAttendancesheet" time="163.491" errors="0" timestamp="2022-03-10T15:50:16 IST">
  <testcase classname="com.epam.TestAutomation.Project.Selenium.Tests.TestAttendanceFeatures" name="TestNavigationToAttendanceSheetPage" time="1.67"/>
  <testcase classname="com.epam.TestAutomation.Project.Selenium.Tests.TestAttendanceFeatures" name="TestNavigationToPunchInOutPage" time="0.548"/>
  <testcase classname="com.epam.TestAutomation.Project.Selenium.Tests.TestAttendanceFeatures" name="TestPunchInIconVisibility" time="9.385"/>
  <testcase classname="com.epam.TestAutomation.Project.Selenium.Tests.TestAttendanceFeatures" name="TestNavigationToPunchInOutPageWithPunchInCardFromAttendanceSheetPageOnClickingPunchInIcon" time="3.333"/>
  <testcase classname="com.epam.TestAutomation.Project.Selenium.Tests.TestAttendanceFeatures" name="TestPunchInDataAppearsInTimeSheetDetailsAfterPunchIn" time="8.741"/>
  <testcase classname="com.epam.TestAutomation.Project.Selenium.Tests.TestAttendanceFeatures" name="TestPunchOutIconVisibilityAfterValidPunchIn" time="0.251"/>
  <testcase classname="com.epam.TestAutomation.Project.Selenium.Tests.TestAttendanceFeatures" name="TestNavigationToPunchInOutPageWithPunchOutCardFromAttendanceSheetPageOnClickingPunchOutIcon" time="2.734"/>
  <testcase classname="com.epam.TestAutomation.Project.Selenium.Tests.TestAttendanceFeatures" name="TestPunchInDataPresentInPunchOutCard" time="0.215"/>
  <testcase classname="com.epam.TestAutomation.Project.Selenium.Tests.TestAttendanceFeatures" name="TestPunchOutDataAppearsInTimeSheetDetailsAfterPunchOut" time="10.139"/>
  <testcase classname="com.epam.TestAutomation.Project.Selenium.Tests.TestAttendanceFeatures" name="TestPunchInOverlappingErrorMessageDisplay" time="6.701"/>
  <testcase classname="com.epam.TestAutomation.Project.Selenium.Tests.TestAttendanceFeatures" name="TestPunchOutTimeLaterThanIntimeErrorMessageDisplay" time="13.197"/>
  <testcase classname="com.epam.TestAutomation.Project.Selenium.Tests.TestAttendanceFeatures" name="TestInValidFormatErrorMessage" time="2.009"/>
  <testcase classname="com.epam.TestAutomation.Project.Selenium.Tests.TestAttendanceFeatures" name="TestInValidTimeFormatErrorMessage" time="1.868"/>
  <testcase classname="com.epam.TestAutomation.Project.Selenium.Tests.TestAttendanceFeatures" name="TestPunchIconToggleAfterDeletingPunchInData" time="7.67"/>
  <testcase classname="com.epam.TestAutomation.Project.Selenium.Tests.TestAttendanceFeatures" name="TestPunchCardToggleToPunchOutWhenGivenDateHasPunchedInSession" time="22.417"/>
  <testcase classname="com.epam.TestAutomation.Project.Selenium.Tests.TestAttendanceFeatures" name="TestTotalHoursAggregation" time="27.568"/>
  <testcase classname="com.epam.TestAutomation.Project.Selenium.Tests.TestAttendanceFeatures" name="TestPunchOutAfterPunchInBeforeValidSession" time="11.114">
    <failure type="java.lang.AssertionError" message="expected [false] but found [true]">
      <![CDATA[java.lang.AssertionError: expected [false] but found [true]
at com.epam.TestAutomation.Project.Selenium.Tests.TestAttendanceFeatures.TestPunchOutAfterPunchInBeforeValidSession(TestAttendanceFeatures.java:275)
at java.base/java.util.ArrayList.forEach(ArrayList.java:1511)
... Removed 31 stack frames]]>
    </failure>
  </testcase> <!-- TestPunchOutAfterPunchInBeforeValidSession -->
</testsuite> <!-- TestAPIOfAttendancesheet -->
