<!DOCTYPE html>

<html>
  <head>
  <meta charset='utf-8'>
  <title>TestNG reports</title>

    <link type="text/css" href="testng-reports1.css" rel="stylesheet" id="ultra" />
    <link type="text/css" href="testng-reports.css" rel="stylesheet" id="retro" disabled="false"/>
    <script type="text/javascript" src="jquery.min.js"></script>
    <script type="text/javascript" src="testng-reports.js"></script>
    <script type="text/javascript" src="https://www.google.com/jsapi"></script>
    <script type='text/javascript'>
      google.load('visualization', '1', {packages:['table']});
      google.setOnLoadCallback(drawTable);
      var suiteTableInitFunctions = new Array();
      var suiteTableData = new Array();
    </script>
    <!--
      <script type="text/javascript" src="jquery-ui/js/jquery-ui-1.8.16.custom.min.js"></script>
     -->
  </head>

  <body>
    <div class="top-banner-root">
      <span class="top-banner-title-font">Test results</span>
      <button id="button" class="button">Switch Retro Theme</button> <!-- button -->
      <br/>
      <span class="top-banner-font-1">1 suite, 7 failed tests</span>
    </div> <!-- top-banner-root -->
    <div class="navigator-root">
      <div class="navigator-suite-header">
        <span>All suites</span>
        <a href="#" title="Collapse/expand all the suites" class="collapse-all-link">
          <img src="collapseall.gif" class="collapse-all-icon">
          </img> <!-- collapse-all-icon -->
        </a> <!-- collapse-all-link -->
      </div> <!-- navigator-suite-header -->
      <div class="suite">
        <div class="rounded-window">
          <div class="suite-header light-rounded-window-top">
            <a href="#" panel-name="suite-Default_suite" class="navigator-link">
              <span class="suite-name border-failed">Default suite</span>
            </a> <!-- navigator-link -->
          </div> <!-- suite-header light-rounded-window-top -->
          <div class="navigator-suite-content">
            <div class="suite-section-title">
              <span>Info</span>
            </div> <!-- suite-section-title -->
            <div class="suite-section-content">
              <ul>
                <li>
                  <a href="#" panel-name="test-xml-Default_suite" class="navigator-link ">
                    <span>C:\Users\Vinaykumar_Kavala\AppData\Local\Temp\testng-eclipse-1525189946\testng-customsuite.xml</span>
                  </a> <!-- navigator-link  -->
                </li>
                <li>
                  <a href="#" panel-name="testlist-Default_suite" class="navigator-link ">
                    <span class="test-stats">1 test</span>
                  </a> <!-- navigator-link  -->
                </li>
                <li>
                  <a href="#" panel-name="group-Default_suite" class="navigator-link ">
                    <span>0 groups</span>
                  </a> <!-- navigator-link  -->
                </li>
                <li>
                  <a href="#" panel-name="times-Default_suite" class="navigator-link ">
                    <span>Times</span>
                  </a> <!-- navigator-link  -->
                </li>
                <li>
                  <a href="#" panel-name="reporter-Default_suite" class="navigator-link ">
                    <span>Reporter output</span>
                  </a> <!-- navigator-link  -->
                </li>
                <li>
                  <a href="#" panel-name="ignored-methods-Default_suite" class="navigator-link ">
                    <span>Ignored methods</span>
                  </a> <!-- navigator-link  -->
                </li>
                <li>
                  <a href="#" panel-name="chronological-Default_suite" class="navigator-link ">
                    <span>Chronological view</span>
                  </a> <!-- navigator-link  -->
                </li>
              </ul>
            </div> <!-- suite-section-content -->
            <div class="result-section">
              <div class="suite-section-title">
                <span>Results</span>
              </div> <!-- suite-section-title -->
              <div class="suite-section-content">
                <ul>
                  <li>
                    <span class="method-stats">30 methods, 7 failed,  3 skipped,  20 passed</span>
                  </li>
                  <li>
                    <span class="method-list-title failed">Failed methods</span>
                    <span class="show-or-hide-methods failed">
                      <a href="#" panel-name="suite-Default_suite" class="hide-methods failed suite-Default_suite"> (hide)</a> <!-- hide-methods failed suite-Default_suite -->
                      <a href="#" panel-name="suite-Default_suite" class="show-methods failed suite-Default_suite"> (show)</a> <!-- show-methods failed suite-Default_suite -->
                    </span>
                    <div class="method-list-content failed suite-Default_suite">
                      <span>
                        <img src="failed.png" width="3%"/>
                        <a href="#" panel-name="suite-Default_suite" title="com.epam.TestAutomation.API_Assignment.TestAPI" class="method navigator-link" hash-for-method="testGetUsersPageInvalidToken(c9c1647c-698a-gh93-9504-43726tyf70c4)">testGetUsersPageInvalidToken(c9c1647c-698a-gh93-9504-43726tyf70c4)</a> <!-- method navigator-link -->
                      </span>
                      <br/>
                      <span>
                        <img src="failed.png" width="3%"/>
                        <a href="#" panel-name="suite-Default_suite" title="com.epam.TestAutomation.API_Assignment.TestAPI" class="method navigator-link" hash-for-method="testLogInForUnregisteredUsers(FakeEmail5@fake.com, 1234567)">testLogInForUnregisteredUsers(FakeEmail5@fake.com, 1234567)</a> <!-- method navigator-link -->
                      </span>
                      <br/>
                      <span>
                        <img src="failed.png" width="3%"/>
                        <a href="#" panel-name="suite-Default_suite" title="com.epam.TestAutomation.API_Assignment.TestAPI" class="method navigator-link" hash-for-method="testRegistration(name5, Gszxyah51111@gmail.com, 123456)">testRegistration(name5, Gszxyah51111@gmail.com, 123456)</a> <!-- method navigator-link -->
                      </span>
                      <br/>
                      <span>
                        <img src="failed.png" width="3%"/>
                        <a href="#" panel-name="suite-Default_suite" title="com.epam.TestAutomation.API_Assignment.TestAPI" class="method navigator-link" hash-for-method="testRegistration(name4, Gszxyah41111@gmail.com, 123456)">testRegistration(name4, Gszxyah41111@gmail.com, 123456)</a> <!-- method navigator-link -->
                      </span>
                      <br/>
                      <span>
                        <img src="failed.png" width="3%"/>
                        <a href="#" panel-name="suite-Default_suite" title="com.epam.TestAutomation.API_Assignment.TestAPI" class="method navigator-link" hash-for-method="testRegistration(name1, Gszxyah11111@gmail.com, 123456)">testRegistration(name1, Gszxyah11111@gmail.com, 123456)</a> <!-- method navigator-link -->
                      </span>
                      <br/>
                      <span>
                        <img src="failed.png" width="3%"/>
                        <a href="#" panel-name="suite-Default_suite" title="com.epam.TestAutomation.API_Assignment.TestAPI" class="method navigator-link" hash-for-method="testRegistration(name2, Gszxyah21111@gmail.com, 123456)">testRegistration(name2, Gszxyah21111@gmail.com, 123456)</a> <!-- method navigator-link -->
                      </span>
                      <br/>
                      <span>
                        <img src="failed.png" width="3%"/>
                        <a href="#" panel-name="suite-Default_suite" title="com.epam.TestAutomation.API_Assignment.TestAPI" class="method navigator-link" hash-for-method="testRegistration(name3, Gszxyah31111@gmail.com, 123457)">testRegistration(name3, Gszxyah31111@gmail.com, 123457)</a> <!-- method navigator-link -->
                      </span>
                      <br/>
                    </div> <!-- method-list-content failed suite-Default_suite -->
                  </li>
                  <li>
                    <span class="method-list-title skipped">Skipped methods</span>
                    <span class="show-or-hide-methods skipped">
                      <a href="#" panel-name="suite-Default_suite" class="hide-methods skipped suite-Default_suite"> (hide)</a> <!-- hide-methods skipped suite-Default_suite -->
                      <a href="#" panel-name="suite-Default_suite" class="show-methods skipped suite-Default_suite"> (show)</a> <!-- show-methods skipped suite-Default_suite -->
                    </span>
                    <div class="method-list-content skipped suite-Default_suite">
                      <span>
                        <img src="skipped.png" width="3%"/>
                        <a href="#" panel-name="suite-Default_suite" title="com.epam.TestAutomation.API_Assignment.TestAPI" class="method navigator-link" hash-for-method="testGetUserDetailsRequestWithUserId">testGetUserDetailsRequestWithUserId</a> <!-- method navigator-link -->
                      </span>
                      <br/>
                      <span>
                        <img src="skipped.png" width="3%"/>
                        <a href="#" panel-name="suite-Default_suite" title="com.epam.TestAutomation.API_Assignment.TestAPI" class="method navigator-link" hash-for-method="testGetUsersRequest">testGetUsersRequest</a> <!-- method navigator-link -->
                      </span>
                      <br/>
                      <span>
                        <img src="skipped.png" width="3%"/>
                        <a href="#" panel-name="suite-Default_suite" title="com.epam.TestAutomation.API_Assignment.TestAPI" class="method navigator-link" hash-for-method="testLogIn">testLogIn</a> <!-- method navigator-link -->
                      </span>
                      <br/>
                    </div> <!-- method-list-content skipped suite-Default_suite -->
                  </li>
                  <li>
                    <span class="method-list-title passed">Passed methods</span>
                    <span class="show-or-hide-methods passed">
                      <a href="#" panel-name="suite-Default_suite" class="hide-methods passed suite-Default_suite"> (hide)</a> <!-- hide-methods passed suite-Default_suite -->
                      <a href="#" panel-name="suite-Default_suite" class="show-methods passed suite-Default_suite"> (show)</a> <!-- show-methods passed suite-Default_suite -->
                    </span>
                    <div class="method-list-content passed suite-Default_suite">
                      <span>
                        <img src="passed.png" width="3%"/>
                        <a href="#" panel-name="suite-Default_suite" title="com.epam.TestAutomation.API_Assignment.TestAPI" class="method navigator-link" hash-for-method="testFetUserWithIdWithoutToken">testFetUserWithIdWithoutToken</a> <!-- method navigator-link -->
                      </span>
                      <br/>
                      <span>
                        <img src="passed.png" width="3%"/>
                        <a href="#" panel-name="suite-Default_suite" title="com.epam.TestAutomation.API_Assignment.TestAPI" class="method navigator-link" hash-for-method="testGetResponseWithInvalidToken(c9c1647c-698a-gh93-9504-43726tyf70c4)">testGetResponseWithInvalidToken(c9c1647c-698a-gh93-9504-43726tyf70c4)</a> <!-- method navigator-link -->
                      </span>
                      <br/>
                      <span>
                        <img src="passed.png" width="3%"/>
                        <a href="#" panel-name="suite-Default_suite" title="com.epam.TestAutomation.API_Assignment.TestAPI" class="method navigator-link" hash-for-method="testGetResponseWithInvalidToken(c9c1347c-698a-ef93-9504-43726dwf70c4)">testGetResponseWithInvalidToken(c9c1347c-698a-ef93-9504-43726dwf70c4)</a> <!-- method navigator-link -->
                      </span>
                      <br/>
                      <span>
                        <img src="passed.png" width="3%"/>
                        <a href="#" panel-name="suite-Default_suite" title="com.epam.TestAutomation.API_Assignment.TestAPI" class="method navigator-link" hash-for-method="testGetResponseWithInvalidToken(c9c1347c-698a-ab93-9504-43726nhf70c4)">testGetResponseWithInvalidToken(c9c1347c-698a-ab93-9504-43726nhf70c4)</a> <!-- method navigator-link -->
                      </span>
                      <br/>
                      <span>
                        <img src="passed.png" width="3%"/>
                        <a href="#" panel-name="suite-Default_suite" title="com.epam.TestAutomation.API_Assignment.TestAPI" class="method navigator-link" hash-for-method="testGetResponseWithInvalidToken(c9c1247c-698a-cd93-9504-43726adf70c4)">testGetResponseWithInvalidToken(c9c1247c-698a-cd93-9504-43726adf70c4)</a> <!-- method navigator-link -->
                      </span>
                      <br/>
                      <span>
                        <img src="passed.png" width="3%"/>
                        <a href="#" panel-name="suite-Default_suite" title="com.epam.TestAutomation.API_Assignment.TestAPI" class="method navigator-link" hash-for-method="testGetResponseWithInvalidToken(c9c1177c-698a-ij93-9504-43726zuf70c4)">testGetResponseWithInvalidToken(c9c1177c-698a-ij93-9504-43726zuf70c4)</a> <!-- method navigator-link -->
                      </span>
                      <br/>
                      <span>
                        <img src="passed.png" width="3%"/>
                        <a href="#" panel-name="suite-Default_suite" title="com.epam.TestAutomation.API_Assignment.TestAPI" class="method navigator-link" hash-for-method="testGetUsersPageInvalidToken(c9c1347c-698a-ab93-9504-43726nhf70c4)">testGetUsersPageInvalidToken(c9c1347c-698a-ab93-9504-43726nhf70c4)</a> <!-- method navigator-link -->
                      </span>
                      <br/>
                      <span>
                        <img src="passed.png" width="3%"/>
                        <a href="#" panel-name="suite-Default_suite" title="com.epam.TestAutomation.API_Assignment.TestAPI" class="method navigator-link" hash-for-method="testGetUsersPageInvalidToken(c9c1177c-698a-ij93-9504-43726zuf70c4)">testGetUsersPageInvalidToken(c9c1177c-698a-ij93-9504-43726zuf70c4)</a> <!-- method navigator-link -->
                      </span>
                      <br/>
                      <span>
                        <img src="passed.png" width="3%"/>
                        <a href="#" panel-name="suite-Default_suite" title="com.epam.TestAutomation.API_Assignment.TestAPI" class="method navigator-link" hash-for-method="testGetUsersPageInvalidToken(c9c1347c-698a-ef93-9504-43726dwf70c4)">testGetUsersPageInvalidToken(c9c1347c-698a-ef93-9504-43726dwf70c4)</a> <!-- method navigator-link -->
                      </span>
                      <br/>
                      <span>
                        <img src="passed.png" width="3%"/>
                        <a href="#" panel-name="suite-Default_suite" title="com.epam.TestAutomation.API_Assignment.TestAPI" class="method navigator-link" hash-for-method="testGetUsersPageInvalidToken(c9c1247c-698a-cd93-9504-43726adf70c4)">testGetUsersPageInvalidToken(c9c1247c-698a-cd93-9504-43726adf70c4)</a> <!-- method navigator-link -->
                      </span>
                      <br/>
                      <span>
                        <img src="passed.png" width="3%"/>
                        <a href="#" panel-name="suite-Default_suite" title="com.epam.TestAutomation.API_Assignment.TestAPI" class="method navigator-link" hash-for-method="testGetUsersPageWithoutToken">testGetUsersPageWithoutToken</a> <!-- method navigator-link -->
                      </span>
                      <br/>
                      <span>
                        <img src="passed.png" width="3%"/>
                        <a href="#" panel-name="suite-Default_suite" title="com.epam.TestAutomation.API_Assignment.TestAPI" class="method navigator-link" hash-for-method="testLogInForUnregisteredUsers(FakeEmail4@fake.com, 1234567)">testLogInForUnregisteredUsers(FakeEmail4@fake.com, 1234567)</a> <!-- method navigator-link -->
                      </span>
                      <br/>
                      <span>
                        <img src="passed.png" width="3%"/>
                        <a href="#" panel-name="suite-Default_suite" title="com.epam.TestAutomation.API_Assignment.TestAPI" class="method navigator-link" hash-for-method="testLogInForUnregisteredUsers(FakeEmail3@fake.com, 1234567)">testLogInForUnregisteredUsers(FakeEmail3@fake.com, 1234567)</a> <!-- method navigator-link -->
                      </span>
                      <br/>
                      <span>
                        <img src="passed.png" width="3%"/>
                        <a href="#" panel-name="suite-Default_suite" title="com.epam.TestAutomation.API_Assignment.TestAPI" class="method navigator-link" hash-for-method="testLogInForUnregisteredUsers(FakeEmail1@fake.com, 1234567)">testLogInForUnregisteredUsers(FakeEmail1@fake.com, 1234567)</a> <!-- method navigator-link -->
                      </span>
                      <br/>
                      <span>
                        <img src="passed.png" width="3%"/>
                        <a href="#" panel-name="suite-Default_suite" title="com.epam.TestAutomation.API_Assignment.TestAPI" class="method navigator-link" hash-for-method="testLogInForUnregisteredUsers(FakeEmail2@fake.com, 1234567)">testLogInForUnregisteredUsers(FakeEmail2@fake.com, 1234567)</a> <!-- method navigator-link -->
                      </span>
                      <br/>
                      <span>
                        <img src="passed.png" width="3%"/>
                        <a href="#" panel-name="suite-Default_suite" title="com.epam.TestAutomation.API_Assignment.TestAPI" class="method navigator-link" hash-for-method="testLogInWithValidUserNameAndWrongPassword(name2, Gszxyah21111@gmail.com, 123456)">testLogInWithValidUserNameAndWrongPassword(name2, Gszxyah21111@gmail.com, 123456)</a> <!-- method navigator-link -->
                      </span>
                      <br/>
                      <span>
                        <img src="passed.png" width="3%"/>
                        <a href="#" panel-name="suite-Default_suite" title="com.epam.TestAutomation.API_Assignment.TestAPI" class="method navigator-link" hash-for-method="testLogInWithValidUserNameAndWrongPassword(name5, Gszxyah51111@gmail.com, 123456)">testLogInWithValidUserNameAndWrongPassword(name5, Gszxyah51111@gmail.com, 123456)</a> <!-- method navigator-link -->
                      </span>
                      <br/>
                      <span>
                        <img src="passed.png" width="3%"/>
                        <a href="#" panel-name="suite-Default_suite" title="com.epam.TestAutomation.API_Assignment.TestAPI" class="method navigator-link" hash-for-method="testLogInWithValidUserNameAndWrongPassword(name4, Gszxyah41111@gmail.com, 123456)">testLogInWithValidUserNameAndWrongPassword(name4, Gszxyah41111@gmail.com, 123456)</a> <!-- method navigator-link -->
                      </span>
                      <br/>
                      <span>
                        <img src="passed.png" width="3%"/>
                        <a href="#" panel-name="suite-Default_suite" title="com.epam.TestAutomation.API_Assignment.TestAPI" class="method navigator-link" hash-for-method="testLogInWithValidUserNameAndWrongPassword(name1, Gszxyah11111@gmail.com, 123456)">testLogInWithValidUserNameAndWrongPassword(name1, Gszxyah11111@gmail.com, 123456)</a> <!-- method navigator-link -->
                      </span>
                      <br/>
                      <span>
                        <img src="passed.png" width="3%"/>
                        <a href="#" panel-name="suite-Default_suite" title="com.epam.TestAutomation.API_Assignment.TestAPI" class="method navigator-link" hash-for-method="testLogInWithValidUserNameAndWrongPassword(name3, Gszxyah31111@gmail.com, 123457)">testLogInWithValidUserNameAndWrongPassword(name3, Gszxyah31111@gmail.com, 123457)</a> <!-- method navigator-link -->
                      </span>
                      <br/>
                    </div> <!-- method-list-content passed suite-Default_suite -->
                  </li>
                </ul>
              </div> <!-- suite-section-content -->
            </div> <!-- result-section -->
          </div> <!-- navigator-suite-content -->
        </div> <!-- rounded-window -->
      </div> <!-- suite -->
    </div> <!-- navigator-root -->
    <div class="wrapper">
      <div class="main-panel-root">
        <div panel-name="suite-Default_suite" class="panel Default_suite">
          <div class="suite-Default_suite-class-failed">
            <div class="main-panel-header rounded-window-top">
              <img src="failed.png"/>
              <span class="class-name">com.epam.TestAutomation.API_Assignment.TestAPI</span>
            </div> <!-- main-panel-header rounded-window-top -->
            <div class="main-panel-content rounded-window-bottom">
              <div class="method">
                <div class="method-content">
                  <a name="testGetUsersPageInvalidToken(c9c1647c-698a-gh93-9504-43726tyf70c4)">
                  </a> <!-- testGetUsersPageInvalidToken(c9c1647c-698a-gh93-9504-43726tyf70c4) -->
                  <span class="method-name">testGetUsersPageInvalidToken</span>
                  <span class="parameters">(c9c1647c-698a-gh93-9504-43726tyf70c4)</span>
                  <div class="stack-trace">java.net.ConnectException: Connection timed out: connect
	at java.base/sun.nio.ch.Net.connect0(Native Method)
	at java.base/sun.nio.ch.Net.connect(Net.java:579)
	at java.base/sun.nio.ch.Net.connect(Net.java:568)
	at java.base/sun.nio.ch.NioSocketImpl.connect(NioSocketImpl.java:588)
	at java.base/java.net.SocksSocketImpl.connect(SocksSocketImpl.java:327)
	at java.base/java.net.Socket.connect(Socket.java:633)
	at org.apache.http.conn.scheme.PlainSocketFactory.connectSocket(PlainSocketFactory.java:121)
	at org.apache.http.impl.conn.DefaultClientConnectionOperator.openConnection(DefaultClientConnectionOperator.java:180)
	at org.apache.http.impl.conn.ManagedClientConnectionImpl.open(ManagedClientConnectionImpl.java:326)
	at org.apache.http.impl.client.DefaultRequestDirector.tryConnect(DefaultRequestDirector.java:610)
	at org.apache.http.impl.client.DefaultRequestDirector.execute(DefaultRequestDirector.java:445)
	at org.apache.http.impl.client.AbstractHttpClient.doExecute(AbstractHttpClient.java:835)
	at org.apache.http.impl.client.CloseableHttpClient.execute(CloseableHttpClient.java:83)
	at org.apache.http.impl.client.CloseableHttpClient.execute(CloseableHttpClient.java:56)
	at org.apache.http.client.HttpClient$execute$0.call(Unknown Source)
	at io.restassured.internal.RequestSpecificationImpl$RestAssuredHttpBuilder.doRequest(RequestSpecificationImpl.groovy:2055)
	at io.restassured.internal.http.HTTPBuilder.doRequest(HTTPBuilder.java:494)
	at io.restassured.internal.http.HTTPBuilder.request(HTTPBuilder.java:451)
	at io.restassured.internal.http.HTTPBuilder$request$2.call(Unknown Source)
	at io.restassured.internal.RequestSpecificationImpl.sendHttpRequest(RequestSpecificationImpl.groovy:1450)
	at jdk.internal.reflect.GeneratedMethodAccessor96.invoke(Unknown Source)
	at java.base/jdk.internal.reflect.DelegatingMethodAccessorImpl.invoke(DelegatingMethodAccessorImpl.java:43)
	at java.base/java.lang.reflect.Method.invoke(Method.java:568)
	at org.codehaus.groovy.reflection.CachedMethod.invoke(CachedMethod.java:107)
	at groovy.lang.MetaMethod.doMethodInvoke(MetaMethod.java:323)
	at groovy.lang.MetaClassImpl.invokeMethod(MetaClassImpl.java:1262)
	at groovy.lang.MetaClassImpl.invokeMethod(MetaClassImpl.java:1029)
	at groovy.lang.MetaClassImpl.invokeMethod(MetaClassImpl.java:816)
	at io.restassured.internal.RequestSpecificationImpl.invokeMethod(RequestSpecificationImpl.groovy)
	at org.codehaus.groovy.runtime.callsite.PogoInterceptableSite.call(PogoInterceptableSite.java:45)
	at org.codehaus.groovy.runtime.callsite.PogoInterceptableSite.callCurrent(PogoInterceptableSite.java:55)
	at io.restassured.internal.RequestSpecificationImpl.sendRequest(RequestSpecificationImpl.groovy:1199)
	at jdk.internal.reflect.GeneratedMethodAccessor69.invoke(Unknown Source)
	at java.base/jdk.internal.reflect.DelegatingMethodAccessorImpl.invoke(DelegatingMethodAccessorImpl.java:43)
	at java.base/java.lang.reflect.Method.invoke(Method.java:568)
	at org.codehaus.groovy.reflection.CachedMethod.invoke(CachedMethod.java:107)
	at groovy.lang.MetaMethod.doMethodInvoke(MetaMethod.java:323)
	at groovy.lang.MetaClassImpl.invokeMethod(MetaClassImpl.java:1262)
	at groovy.lang.MetaClassImpl.invokeMethod(MetaClassImpl.java:1029)
	at groovy.lang.MetaClassImpl.invokeMethod(MetaClassImpl.java:816)
	at io.restassured.internal.RequestSpecificationImpl.invokeMethod(RequestSpecificationImpl.groovy)
	at org.codehaus.groovy.runtime.callsite.PogoInterceptableSite.call(PogoInterceptableSite.java:45)
	at org.codehaus.groovy.runtime.callsite.AbstractCallSite.call(AbstractCallSite.java:166)
	at io.restassured.internal.filter.SendRequestFilter.filter(SendRequestFilter.groovy:30)
	at io.restassured.filter.Filter$filter$0.call(Unknown Source)
	at org.codehaus.groovy.runtime.callsite.CallSiteArray.defaultCall(CallSiteArray.java:47)
	at io.restassured.filter.Filter$filter.call(Unknown Source)
	at io.restassured.internal.filter.FilterContextImpl.next(FilterContextImpl.groovy:72)
	at io.restassured.filter.time.TimingFilter.filter(TimingFilter.java:56)
	at io.restassured.filter.Filter$filter.call(Unknown Source)
	at org.codehaus.groovy.runtime.callsite.CallSiteArray.defaultCall(CallSiteArray.java:47)
	at io.restassured.filter.Filter$filter$0.call(Unknown Source)
	at io.restassured.internal.filter.FilterContextImpl.next(FilterContextImpl.groovy:72)
	at io.restassured.filter.FilterContext$next.call(Unknown Source)
	at io.restassured.internal.RequestSpecificationImpl.applyPathParamsAndSendRequest(RequestSpecificationImpl.groovy:1655)
	at jdk.internal.reflect.GeneratedMethodAccessor62.invoke(Unknown Source)
	at java.base/jdk.internal.reflect.DelegatingMethodAccessorImpl.invoke(DelegatingMethodAccessorImpl.java:43)
	at java.base/java.lang.reflect.Method.invoke(Method.java:568)
	at org.codehaus.groovy.reflection.CachedMethod.invoke(CachedMethod.java:107)
	at groovy.lang.MetaMethod.doMethodInvoke(MetaMethod.java:323)
	at groovy.lang.MetaClassImpl.invokeMethod(MetaClassImpl.java:1262)
	at groovy.lang.MetaClassImpl.invokeMethod(MetaClassImpl.java:1029)
	at groovy.lang.MetaClassImpl.invokeMethod(MetaClassImpl.java:816)
	at io.restassured.internal.RequestSpecificationImpl.invokeMethod(RequestSpecificationImpl.groovy)
	at org.codehaus.groovy.runtime.callsite.PogoInterceptableSite.call(PogoInterceptableSite.java:45)
	at org.codehaus.groovy.runtime.callsite.PogoInterceptableSite.callCurrent(PogoInterceptableSite.java:55)
	at org.codehaus.groovy.runtime.callsite.AbstractCallSite.callCurrent(AbstractCallSite.java:203)
	at io.restassured.internal.RequestSpecificationImpl.applyPathParamsAndSendRequest(RequestSpecificationImpl.groovy:1661)
	at jdk.internal.reflect.GeneratedMethodAccessor61.invoke(Unknown Source)
	at java.base/jdk.internal.reflect.DelegatingMethodAccessorImpl.invoke(DelegatingMethodAccessorImpl.java:43)
	at java.base/java.lang.reflect.Method.invoke(Method.java:568)
	at org.codehaus.groovy.reflection.CachedMethod.invoke(CachedMethod.java:107)
	at groovy.lang.MetaMethod.doMethodInvoke(MetaMethod.java:323)
	at groovy.lang.MetaClassImpl.invokeMethod(MetaClassImpl.java:1262)
	at groovy.lang.MetaClassImpl.invokeMethod(MetaClassImpl.java:1029)
	at groovy.lang.MetaClassImpl.invokeMethod(MetaClassImpl.java:816)
	at io.restassured.internal.RequestSpecificationImpl.invokeMethod(RequestSpecificationImpl.groovy)
	at org.codehaus.groovy.runtime.callsite.PogoInterceptableSite.call(PogoInterceptableSite.java:45)
	at org.codehaus.groovy.runtime.callsite.PogoInterceptableSite.callCurrent(PogoInterceptableSite.java:55)
	at org.codehaus.groovy.runtime.callsite.AbstractCallSite.callCurrent(AbstractCallSite.java:203)
	at io.restassured.internal.RequestSpecificationImpl.get(RequestSpecificationImpl.groovy:171)
	at io.restassured.internal.RequestSpecificationImpl.get(RequestSpecificationImpl.groovy)
	at com.epam.TestAutomation.API_Assignment.TestAPI.testGetUsersPageInvalidToken(TestAPI.java:231)
	at java.base/jdk.internal.reflect.NativeMethodAccessorImpl.invoke0(Native Method)
	at java.base/jdk.internal.reflect.NativeMethodAccessorImpl.invoke(NativeMethodAccessorImpl.java:77)
	at java.base/jdk.internal.reflect.DelegatingMethodAccessorImpl.invoke(DelegatingMethodAccessorImpl.java:43)
	at java.base/java.lang.reflect.Method.invoke(Method.java:568)
	at org.testng.internal.invokers.MethodInvocationHelper.invokeMethod(MethodInvocationHelper.java:135)
	at org.testng.internal.invokers.TestInvoker.invokeMethod(TestInvoker.java:673)
	at org.testng.internal.invokers.TestInvoker.invokeTestMethod(TestInvoker.java:220)
	at org.testng.internal.invokers.MethodRunner.runInSequence(MethodRunner.java:50)
	at org.testng.internal.invokers.TestInvoker$MethodInvocationAgent.invoke(TestInvoker.java:945)
	at org.testng.internal.invokers.TestInvoker.invokeTestMethods(TestInvoker.java:193)
	at org.testng.internal.invokers.TestMethodWorker.invokeTestMethods(TestMethodWorker.java:146)
	at org.testng.internal.invokers.TestMethodWorker.run(TestMethodWorker.java:128)
	at java.base/java.util.ArrayList.forEach(ArrayList.java:1511)
	at org.testng.TestRunner.privateRun(TestRunner.java:808)
	at org.testng.TestRunner.run(TestRunner.java:603)
	at org.testng.SuiteRunner.runTest(SuiteRunner.java:429)
	at org.testng.SuiteRunner.runSequentially(SuiteRunner.java:423)
	at org.testng.SuiteRunner.privateRun(SuiteRunner.java:383)
	at org.testng.SuiteRunner.run(SuiteRunner.java:326)
	at org.testng.SuiteRunnerWorker.runSuite(SuiteRunnerWorker.java:52)
	at org.testng.SuiteRunnerWorker.run(SuiteRunnerWorker.java:95)
	at org.testng.TestNG.runSuitesSequentially(TestNG.java:1249)
	at org.testng.TestNG.runSuitesLocally(TestNG.java:1169)
	at org.testng.TestNG.runSuites(TestNG.java:1092)
	at org.testng.TestNG.run(TestNG.java:1060)
	at org.testng.remote.AbstractRemoteTestNG.run(AbstractRemoteTestNG.java:115)
	at org.testng.remote.RemoteTestNG.initAndRun(RemoteTestNG.java:251)
	at org.testng.remote.RemoteTestNG.main(RemoteTestNG.java:77)

</div> <!-- stack-trace -->
                </div> <!-- method-content -->
              </div> <!-- method -->
              <div class="method">
                <div class="method-content">
                  <a name="testLogInForUnregisteredUsers(FakeEmail5@fake.com, 1234567)">
                  </a> <!-- testLogInForUnregisteredUsers(FakeEmail5@fake.com, 1234567) -->
                  <span class="method-name">testLogInForUnregisteredUsers</span>
                  <span class="parameters">(FakeEmail5@fake.com, 1234567)</span>
                  <div class="stack-trace">java.net.ConnectException: Connection timed out: connect
	at java.base/sun.nio.ch.Net.connect0(Native Method)
	at java.base/sun.nio.ch.Net.connect(Net.java:579)
	at java.base/sun.nio.ch.Net.connect(Net.java:568)
	at java.base/sun.nio.ch.NioSocketImpl.connect(NioSocketImpl.java:588)
	at java.base/java.net.SocksSocketImpl.connect(SocksSocketImpl.java:327)
	at java.base/java.net.Socket.connect(Socket.java:633)
	at org.apache.http.conn.scheme.PlainSocketFactory.connectSocket(PlainSocketFactory.java:121)
	at org.apache.http.impl.conn.DefaultClientConnectionOperator.openConnection(DefaultClientConnectionOperator.java:180)
	at org.apache.http.impl.conn.ManagedClientConnectionImpl.open(ManagedClientConnectionImpl.java:326)
	at org.apache.http.impl.client.DefaultRequestDirector.tryConnect(DefaultRequestDirector.java:610)
	at org.apache.http.impl.client.DefaultRequestDirector.execute(DefaultRequestDirector.java:445)
	at org.apache.http.impl.client.AbstractHttpClient.doExecute(AbstractHttpClient.java:835)
	at org.apache.http.impl.client.CloseableHttpClient.execute(CloseableHttpClient.java:83)
	at org.apache.http.impl.client.CloseableHttpClient.execute(CloseableHttpClient.java:56)
	at org.apache.http.client.HttpClient$execute$0.call(Unknown Source)
	at io.restassured.internal.RequestSpecificationImpl$RestAssuredHttpBuilder.doRequest(RequestSpecificationImpl.groovy:2055)
	at io.restassured.internal.http.HTTPBuilder.post(HTTPBuilder.java:349)
	at io.restassured.internal.http.HTTPBuilder$post$3.call(Unknown Source)
	at io.restassured.internal.RequestSpecificationImpl.sendRequest(RequestSpecificationImpl.groovy:1180)
	at jdk.internal.reflect.GeneratedMethodAccessor69.invoke(Unknown Source)
	at java.base/jdk.internal.reflect.DelegatingMethodAccessorImpl.invoke(DelegatingMethodAccessorImpl.java:43)
	at java.base/java.lang.reflect.Method.invoke(Method.java:568)
	at org.codehaus.groovy.reflection.CachedMethod.invoke(CachedMethod.java:107)
	at groovy.lang.MetaMethod.doMethodInvoke(MetaMethod.java:323)
	at groovy.lang.MetaClassImpl.invokeMethod(MetaClassImpl.java:1262)
	at groovy.lang.MetaClassImpl.invokeMethod(MetaClassImpl.java:1029)
	at groovy.lang.MetaClassImpl.invokeMethod(MetaClassImpl.java:816)
	at io.restassured.internal.RequestSpecificationImpl.invokeMethod(RequestSpecificationImpl.groovy)
	at org.codehaus.groovy.runtime.callsite.PogoInterceptableSite.call(PogoInterceptableSite.java:45)
	at org.codehaus.groovy.runtime.callsite.AbstractCallSite.call(AbstractCallSite.java:166)
	at io.restassured.internal.filter.SendRequestFilter.filter(SendRequestFilter.groovy:30)
	at io.restassured.filter.Filter$filter$0.call(Unknown Source)
	at org.codehaus.groovy.runtime.callsite.CallSiteArray.defaultCall(CallSiteArray.java:47)
	at io.restassured.filter.Filter$filter.call(Unknown Source)
	at io.restassured.internal.filter.FilterContextImpl.next(FilterContextImpl.groovy:72)
	at io.restassured.filter.time.TimingFilter.filter(TimingFilter.java:56)
	at io.restassured.filter.Filter$filter.call(Unknown Source)
	at org.codehaus.groovy.runtime.callsite.CallSiteArray.defaultCall(CallSiteArray.java:47)
	at io.restassured.filter.Filter$filter$0.call(Unknown Source)
	at io.restassured.internal.filter.FilterContextImpl.next(FilterContextImpl.groovy:72)
	at io.restassured.filter.FilterContext$next.call(Unknown Source)
	at io.restassured.internal.RequestSpecificationImpl.applyPathParamsAndSendRequest(RequestSpecificationImpl.groovy:1655)
	at jdk.internal.reflect.GeneratedMethodAccessor62.invoke(Unknown Source)
	at java.base/jdk.internal.reflect.DelegatingMethodAccessorImpl.invoke(DelegatingMethodAccessorImpl.java:43)
	at java.base/java.lang.reflect.Method.invoke(Method.java:568)
	at org.codehaus.groovy.reflection.CachedMethod.invoke(CachedMethod.java:107)
	at groovy.lang.MetaMethod.doMethodInvoke(MetaMethod.java:323)
	at groovy.lang.MetaClassImpl.invokeMethod(MetaClassImpl.java:1262)
	at groovy.lang.MetaClassImpl.invokeMethod(MetaClassImpl.java:1029)
	at groovy.lang.MetaClassImpl.invokeMethod(MetaClassImpl.java:816)
	at io.restassured.internal.RequestSpecificationImpl.invokeMethod(RequestSpecificationImpl.groovy)
	at org.codehaus.groovy.runtime.callsite.PogoInterceptableSite.call(PogoInterceptableSite.java:45)
	at org.codehaus.groovy.runtime.callsite.PogoInterceptableSite.callCurrent(PogoInterceptableSite.java:55)
	at org.codehaus.groovy.runtime.callsite.AbstractCallSite.callCurrent(AbstractCallSite.java:203)
	at io.restassured.internal.RequestSpecificationImpl.applyPathParamsAndSendRequest(RequestSpecificationImpl.groovy:1661)
	at jdk.internal.reflect.GeneratedMethodAccessor61.invoke(Unknown Source)
	at java.base/jdk.internal.reflect.DelegatingMethodAccessorImpl.invoke(DelegatingMethodAccessorImpl.java:43)
	at java.base/java.lang.reflect.Method.invoke(Method.java:568)
	at org.codehaus.groovy.reflection.CachedMethod.invoke(CachedMethod.java:107)
	at groovy.lang.MetaMethod.doMethodInvoke(MetaMethod.java:323)
	at groovy.lang.MetaClassImpl.invokeMethod(MetaClassImpl.java:1262)
	at groovy.lang.MetaClassImpl.invokeMethod(MetaClassImpl.java:1029)
	at groovy.lang.MetaClassImpl.invokeMethod(MetaClassImpl.java:816)
	at io.restassured.internal.RequestSpecificationImpl.invokeMethod(RequestSpecificationImpl.groovy)
	at org.codehaus.groovy.runtime.callsite.PogoInterceptableSite.call(PogoInterceptableSite.java:45)
	at org.codehaus.groovy.runtime.callsite.PogoInterceptableSite.callCurrent(PogoInterceptableSite.java:55)
	at org.codehaus.groovy.runtime.callsite.AbstractCallSite.callCurrent(AbstractCallSite.java:203)
	at io.restassured.internal.RequestSpecificationImpl.post(RequestSpecificationImpl.groovy:175)
	at io.restassured.internal.RequestSpecificationImpl.post(RequestSpecificationImpl.groovy)
	at com.epam.TestAutomation.API_Assignment.TestAPI.testLogInForUnregisteredUsers(TestAPI.java:140)
	at java.base/jdk.internal.reflect.NativeMethodAccessorImpl.invoke0(Native Method)
	at java.base/jdk.internal.reflect.NativeMethodAccessorImpl.invoke(NativeMethodAccessorImpl.java:77)
	at java.base/jdk.internal.reflect.DelegatingMethodAccessorImpl.invoke(DelegatingMethodAccessorImpl.java:43)
	at java.base/java.lang.reflect.Method.invoke(Method.java:568)
	at org.testng.internal.invokers.MethodInvocationHelper.invokeMethod(MethodInvocationHelper.java:135)
	at org.testng.internal.invokers.TestInvoker.invokeMethod(TestInvoker.java:673)
	at org.testng.internal.invokers.TestInvoker.invokeTestMethod(TestInvoker.java:220)
	at org.testng.internal.invokers.MethodRunner.runInSequence(MethodRunner.java:50)
	at org.testng.internal.invokers.TestInvoker$MethodInvocationAgent.invoke(TestInvoker.java:945)
	at org.testng.internal.invokers.TestInvoker.invokeTestMethods(TestInvoker.java:193)
	at org.testng.internal.invokers.TestMethodWorker.invokeTestMethods(TestMethodWorker.java:146)
	at org.testng.internal.invokers.TestMethodWorker.run(TestMethodWorker.java:128)
	at java.base/java.util.ArrayList.forEach(ArrayList.java:1511)
	at org.testng.TestRunner.privateRun(TestRunner.java:808)
	at org.testng.TestRunner.run(TestRunner.java:603)
	at org.testng.SuiteRunner.runTest(SuiteRunner.java:429)
	at org.testng.SuiteRunner.runSequentially(SuiteRunner.java:423)
	at org.testng.SuiteRunner.privateRun(SuiteRunner.java:383)
	at org.testng.SuiteRunner.run(SuiteRunner.java:326)
	at org.testng.SuiteRunnerWorker.runSuite(SuiteRunnerWorker.java:52)
	at org.testng.SuiteRunnerWorker.run(SuiteRunnerWorker.java:95)
	at org.testng.TestNG.runSuitesSequentially(TestNG.java:1249)
	at org.testng.TestNG.runSuitesLocally(TestNG.java:1169)
	at org.testng.TestNG.runSuites(TestNG.java:1092)
	at org.testng.TestNG.run(TestNG.java:1060)
	at org.testng.remote.AbstractRemoteTestNG.run(AbstractRemoteTestNG.java:115)
	at org.testng.remote.RemoteTestNG.initAndRun(RemoteTestNG.java:251)
	at org.testng.remote.RemoteTestNG.main(RemoteTestNG.java:77)

</div> <!-- stack-trace -->
                </div> <!-- method-content -->
              </div> <!-- method -->
              <div class="method">
                <div class="method-content">
                  <a name="testRegistration(name5, Gszxyah51111@gmail.com, 123456)">
                  </a> <!-- testRegistration(name5, Gszxyah51111@gmail.com, 123456) -->
                  <span class="method-name">testRegistration</span>
                  <span class="parameters">(name5, Gszxyah51111@gmail.com, 123456)</span>
                  <div class="stack-trace">java.lang.AssertionError: expected [success] but found [The email address you have entered is already registered]
	at org.testng.Assert.fail(Assert.java:110)
	at org.testng.Assert.failNotEquals(Assert.java:1413)
	at org.testng.Assert.assertEqualsImpl(Assert.java:149)
	at org.testng.Assert.assertEquals(Assert.java:131)
	at org.testng.Assert.assertEquals(Assert.java:655)
	at org.testng.Assert.assertEquals(Assert.java:665)
	at com.epam.TestAutomation.API_Assignment.TestAPI.testRegistration(TestAPI.java:49)
	at java.base/jdk.internal.reflect.NativeMethodAccessorImpl.invoke0(Native Method)
	at java.base/jdk.internal.reflect.NativeMethodAccessorImpl.invoke(NativeMethodAccessorImpl.java:77)
	at java.base/jdk.internal.reflect.DelegatingMethodAccessorImpl.invoke(DelegatingMethodAccessorImpl.java:43)
	at java.base/java.lang.reflect.Method.invoke(Method.java:568)
	at org.testng.internal.invokers.MethodInvocationHelper.invokeMethod(MethodInvocationHelper.java:135)
	at org.testng.internal.invokers.TestInvoker.invokeMethod(TestInvoker.java:673)
	at org.testng.internal.invokers.TestInvoker.invokeTestMethod(TestInvoker.java:220)
	at org.testng.internal.invokers.MethodRunner.runInSequence(MethodRunner.java:50)
	at org.testng.internal.invokers.TestInvoker$MethodInvocationAgent.invoke(TestInvoker.java:945)
	at org.testng.internal.invokers.TestInvoker.invokeTestMethods(TestInvoker.java:193)
	at org.testng.internal.invokers.TestMethodWorker.invokeTestMethods(TestMethodWorker.java:146)
	at org.testng.internal.invokers.TestMethodWorker.run(TestMethodWorker.java:128)
	at java.base/java.util.ArrayList.forEach(ArrayList.java:1511)
	at org.testng.TestRunner.privateRun(TestRunner.java:808)
	at org.testng.TestRunner.run(TestRunner.java:603)
	at org.testng.SuiteRunner.runTest(SuiteRunner.java:429)
	at org.testng.SuiteRunner.runSequentially(SuiteRunner.java:423)
	at org.testng.SuiteRunner.privateRun(SuiteRunner.java:383)
	at org.testng.SuiteRunner.run(SuiteRunner.java:326)
	at org.testng.SuiteRunnerWorker.runSuite(SuiteRunnerWorker.java:52)
	at org.testng.SuiteRunnerWorker.run(SuiteRunnerWorker.java:95)
	at org.testng.TestNG.runSuitesSequentially(TestNG.java:1249)
	at org.testng.TestNG.runSuitesLocally(TestNG.java:1169)
	at org.testng.TestNG.runSuites(TestNG.java:1092)
	at org.testng.TestNG.run(TestNG.java:1060)
	at org.testng.remote.AbstractRemoteTestNG.run(AbstractRemoteTestNG.java:115)
	at org.testng.remote.RemoteTestNG.initAndRun(RemoteTestNG.java:251)
	at org.testng.remote.RemoteTestNG.main(RemoteTestNG.java:77)

</div> <!-- stack-trace -->
                </div> <!-- method-content -->
              </div> <!-- method -->
              <div class="method">
                <div class="method-content">
                  <a name="testRegistration(name4, Gszxyah41111@gmail.com, 123456)">
                  </a> <!-- testRegistration(name4, Gszxyah41111@gmail.com, 123456) -->
                  <span class="method-name">testRegistration</span>
                  <span class="parameters">(name4, Gszxyah41111@gmail.com, 123456)</span>
                  <div class="stack-trace">java.lang.AssertionError: expected [success] but found [The email address you have entered is already registered]
	at org.testng.Assert.fail(Assert.java:110)
	at org.testng.Assert.failNotEquals(Assert.java:1413)
	at org.testng.Assert.assertEqualsImpl(Assert.java:149)
	at org.testng.Assert.assertEquals(Assert.java:131)
	at org.testng.Assert.assertEquals(Assert.java:655)
	at org.testng.Assert.assertEquals(Assert.java:665)
	at com.epam.TestAutomation.API_Assignment.TestAPI.testRegistration(TestAPI.java:49)
	at java.base/jdk.internal.reflect.NativeMethodAccessorImpl.invoke0(Native Method)
	at java.base/jdk.internal.reflect.NativeMethodAccessorImpl.invoke(NativeMethodAccessorImpl.java:77)
	at java.base/jdk.internal.reflect.DelegatingMethodAccessorImpl.invoke(DelegatingMethodAccessorImpl.java:43)
	at java.base/java.lang.reflect.Method.invoke(Method.java:568)
	at org.testng.internal.invokers.MethodInvocationHelper.invokeMethod(MethodInvocationHelper.java:135)
	at org.testng.internal.invokers.TestInvoker.invokeMethod(TestInvoker.java:673)
	at org.testng.internal.invokers.TestInvoker.invokeTestMethod(TestInvoker.java:220)
	at org.testng.internal.invokers.MethodRunner.runInSequence(MethodRunner.java:50)
	at org.testng.internal.invokers.TestInvoker$MethodInvocationAgent.invoke(TestInvoker.java:945)
	at org.testng.internal.invokers.TestInvoker.invokeTestMethods(TestInvoker.java:193)
	at org.testng.internal.invokers.TestMethodWorker.invokeTestMethods(TestMethodWorker.java:146)
	at org.testng.internal.invokers.TestMethodWorker.run(TestMethodWorker.java:128)
	at java.base/java.util.ArrayList.forEach(ArrayList.java:1511)
	at org.testng.TestRunner.privateRun(TestRunner.java:808)
	at org.testng.TestRunner.run(TestRunner.java:603)
	at org.testng.SuiteRunner.runTest(SuiteRunner.java:429)
	at org.testng.SuiteRunner.runSequentially(SuiteRunner.java:423)
	at org.testng.SuiteRunner.privateRun(SuiteRunner.java:383)
	at org.testng.SuiteRunner.run(SuiteRunner.java:326)
	at org.testng.SuiteRunnerWorker.runSuite(SuiteRunnerWorker.java:52)
	at org.testng.SuiteRunnerWorker.run(SuiteRunnerWorker.java:95)
	at org.testng.TestNG.runSuitesSequentially(TestNG.java:1249)
	at org.testng.TestNG.runSuitesLocally(TestNG.java:1169)
	at org.testng.TestNG.runSuites(TestNG.java:1092)
	at org.testng.TestNG.run(TestNG.java:1060)
	at org.testng.remote.AbstractRemoteTestNG.run(AbstractRemoteTestNG.java:115)
	at org.testng.remote.RemoteTestNG.initAndRun(RemoteTestNG.java:251)
	at org.testng.remote.RemoteTestNG.main(RemoteTestNG.java:77)

</div> <!-- stack-trace -->
                </div> <!-- method-content -->
              </div> <!-- method -->
              <div class="method">
                <div class="method-content">
                  <a name="testRegistration(name1, Gszxyah11111@gmail.com, 123456)">
                  </a> <!-- testRegistration(name1, Gszxyah11111@gmail.com, 123456) -->
                  <span class="method-name">testRegistration</span>
                  <span class="parameters">(name1, Gszxyah11111@gmail.com, 123456)</span>
                  <div class="stack-trace">java.lang.AssertionError: expected [success] but found [The email address you have entered is already registered]
	at org.testng.Assert.fail(Assert.java:110)
	at org.testng.Assert.failNotEquals(Assert.java:1413)
	at org.testng.Assert.assertEqualsImpl(Assert.java:149)
	at org.testng.Assert.assertEquals(Assert.java:131)
	at org.testng.Assert.assertEquals(Assert.java:655)
	at org.testng.Assert.assertEquals(Assert.java:665)
	at com.epam.TestAutomation.API_Assignment.TestAPI.testRegistration(TestAPI.java:49)
	at java.base/jdk.internal.reflect.NativeMethodAccessorImpl.invoke0(Native Method)
	at java.base/jdk.internal.reflect.NativeMethodAccessorImpl.invoke(NativeMethodAccessorImpl.java:77)
	at java.base/jdk.internal.reflect.DelegatingMethodAccessorImpl.invoke(DelegatingMethodAccessorImpl.java:43)
	at java.base/java.lang.reflect.Method.invoke(Method.java:568)
	at org.testng.internal.invokers.MethodInvocationHelper.invokeMethod(MethodInvocationHelper.java:135)
	at org.testng.internal.invokers.TestInvoker.invokeMethod(TestInvoker.java:673)
	at org.testng.internal.invokers.TestInvoker.invokeTestMethod(TestInvoker.java:220)
	at org.testng.internal.invokers.MethodRunner.runInSequence(MethodRunner.java:50)
	at org.testng.internal.invokers.TestInvoker$MethodInvocationAgent.invoke(TestInvoker.java:945)
	at org.testng.internal.invokers.TestInvoker.invokeTestMethods(TestInvoker.java:193)
	at org.testng.internal.invokers.TestMethodWorker.invokeTestMethods(TestMethodWorker.java:146)
	at org.testng.internal.invokers.TestMethodWorker.run(TestMethodWorker.java:128)
	at java.base/java.util.ArrayList.forEach(ArrayList.java:1511)
	at org.testng.TestRunner.privateRun(TestRunner.java:808)
	at org.testng.TestRunner.run(TestRunner.java:603)
	at org.testng.SuiteRunner.runTest(SuiteRunner.java:429)
	at org.testng.SuiteRunner.runSequentially(SuiteRunner.java:423)
	at org.testng.SuiteRunner.privateRun(SuiteRunner.java:383)
	at org.testng.SuiteRunner.run(SuiteRunner.java:326)
	at org.testng.SuiteRunnerWorker.runSuite(SuiteRunnerWorker.java:52)
	at org.testng.SuiteRunnerWorker.run(SuiteRunnerWorker.java:95)
	at org.testng.TestNG.runSuitesSequentially(TestNG.java:1249)
	at org.testng.TestNG.runSuitesLocally(TestNG.java:1169)
	at org.testng.TestNG.runSuites(TestNG.java:1092)
	at org.testng.TestNG.run(TestNG.java:1060)
	at org.testng.remote.AbstractRemoteTestNG.run(AbstractRemoteTestNG.java:115)
	at org.testng.remote.RemoteTestNG.initAndRun(RemoteTestNG.java:251)
	at org.testng.remote.RemoteTestNG.main(RemoteTestNG.java:77)

</div> <!-- stack-trace -->
                </div> <!-- method-content -->
              </div> <!-- method -->
              <div class="method">
                <div class="method-content">
                  <a name="testRegistration(name2, Gszxyah21111@gmail.com, 123456)">
                  </a> <!-- testRegistration(name2, Gszxyah21111@gmail.com, 123456) -->
                  <span class="method-name">testRegistration</span>
                  <span class="parameters">(name2, Gszxyah21111@gmail.com, 123456)</span>
                  <div class="stack-trace">java.lang.AssertionError: expected [success] but found [The email address you have entered is already registered]
	at org.testng.Assert.fail(Assert.java:110)
	at org.testng.Assert.failNotEquals(Assert.java:1413)
	at org.testng.Assert.assertEqualsImpl(Assert.java:149)
	at org.testng.Assert.assertEquals(Assert.java:131)
	at org.testng.Assert.assertEquals(Assert.java:655)
	at org.testng.Assert.assertEquals(Assert.java:665)
	at com.epam.TestAutomation.API_Assignment.TestAPI.testRegistration(TestAPI.java:49)
	at java.base/jdk.internal.reflect.NativeMethodAccessorImpl.invoke0(Native Method)
	at java.base/jdk.internal.reflect.NativeMethodAccessorImpl.invoke(NativeMethodAccessorImpl.java:77)
	at java.base/jdk.internal.reflect.DelegatingMethodAccessorImpl.invoke(DelegatingMethodAccessorImpl.java:43)
	at java.base/java.lang.reflect.Method.invoke(Method.java:568)
	at org.testng.internal.invokers.MethodInvocationHelper.invokeMethod(MethodInvocationHelper.java:135)
	at org.testng.internal.invokers.TestInvoker.invokeMethod(TestInvoker.java:673)
	at org.testng.internal.invokers.TestInvoker.invokeTestMethod(TestInvoker.java:220)
	at org.testng.internal.invokers.MethodRunner.runInSequence(MethodRunner.java:50)
	at org.testng.internal.invokers.TestInvoker$MethodInvocationAgent.invoke(TestInvoker.java:945)
	at org.testng.internal.invokers.TestInvoker.invokeTestMethods(TestInvoker.java:193)
	at org.testng.internal.invokers.TestMethodWorker.invokeTestMethods(TestMethodWorker.java:146)
	at org.testng.internal.invokers.TestMethodWorker.run(TestMethodWorker.java:128)
	at java.base/java.util.ArrayList.forEach(ArrayList.java:1511)
	at org.testng.TestRunner.privateRun(TestRunner.java:808)
	at org.testng.TestRunner.run(TestRunner.java:603)
	at org.testng.SuiteRunner.runTest(SuiteRunner.java:429)
	at org.testng.SuiteRunner.runSequentially(SuiteRunner.java:423)
	at org.testng.SuiteRunner.privateRun(SuiteRunner.java:383)
	at org.testng.SuiteRunner.run(SuiteRunner.java:326)
	at org.testng.SuiteRunnerWorker.runSuite(SuiteRunnerWorker.java:52)
	at org.testng.SuiteRunnerWorker.run(SuiteRunnerWorker.java:95)
	at org.testng.TestNG.runSuitesSequentially(TestNG.java:1249)
	at org.testng.TestNG.runSuitesLocally(TestNG.java:1169)
	at org.testng.TestNG.runSuites(TestNG.java:1092)
	at org.testng.TestNG.run(TestNG.java:1060)
	at org.testng.remote.AbstractRemoteTestNG.run(AbstractRemoteTestNG.java:115)
	at org.testng.remote.RemoteTestNG.initAndRun(RemoteTestNG.java:251)
	at org.testng.remote.RemoteTestNG.main(RemoteTestNG.java:77)

</div> <!-- stack-trace -->
                </div> <!-- method-content -->
              </div> <!-- method -->
              <div class="method">
                <div class="method-content">
                  <a name="testRegistration(name3, Gszxyah31111@gmail.com, 123457)">
                  </a> <!-- testRegistration(name3, Gszxyah31111@gmail.com, 123457) -->
                  <span class="method-name">testRegistration</span>
                  <span class="parameters">(name3, Gszxyah31111@gmail.com, 123457)</span>
                  <div class="stack-trace">java.lang.AssertionError: expected [success] but found [The email address you have entered is already registered]
	at org.testng.Assert.fail(Assert.java:110)
	at org.testng.Assert.failNotEquals(Assert.java:1413)
	at org.testng.Assert.assertEqualsImpl(Assert.java:149)
	at org.testng.Assert.assertEquals(Assert.java:131)
	at org.testng.Assert.assertEquals(Assert.java:655)
	at org.testng.Assert.assertEquals(Assert.java:665)
	at com.epam.TestAutomation.API_Assignment.TestAPI.testRegistration(TestAPI.java:49)
	at java.base/jdk.internal.reflect.NativeMethodAccessorImpl.invoke0(Native Method)
	at java.base/jdk.internal.reflect.NativeMethodAccessorImpl.invoke(NativeMethodAccessorImpl.java:77)
	at java.base/jdk.internal.reflect.DelegatingMethodAccessorImpl.invoke(DelegatingMethodAccessorImpl.java:43)
	at java.base/java.lang.reflect.Method.invoke(Method.java:568)
	at org.testng.internal.invokers.MethodInvocationHelper.invokeMethod(MethodInvocationHelper.java:135)
	at org.testng.internal.invokers.TestInvoker.invokeMethod(TestInvoker.java:673)
	at org.testng.internal.invokers.TestInvoker.invokeTestMethod(TestInvoker.java:220)
	at org.testng.internal.invokers.MethodRunner.runInSequence(MethodRunner.java:50)
	at org.testng.internal.invokers.TestInvoker$MethodInvocationAgent.invoke(TestInvoker.java:945)
	at org.testng.internal.invokers.TestInvoker.invokeTestMethods(TestInvoker.java:193)
	at org.testng.internal.invokers.TestMethodWorker.invokeTestMethods(TestMethodWorker.java:146)
	at org.testng.internal.invokers.TestMethodWorker.run(TestMethodWorker.java:128)
	at java.base/java.util.ArrayList.forEach(ArrayList.java:1511)
	at org.testng.TestRunner.privateRun(TestRunner.java:808)
	at org.testng.TestRunner.run(TestRunner.java:603)
	at org.testng.SuiteRunner.runTest(SuiteRunner.java:429)
	at org.testng.SuiteRunner.runSequentially(SuiteRunner.java:423)
	at org.testng.SuiteRunner.privateRun(SuiteRunner.java:383)
	at org.testng.SuiteRunner.run(SuiteRunner.java:326)
	at org.testng.SuiteRunnerWorker.runSuite(SuiteRunnerWorker.java:52)
	at org.testng.SuiteRunnerWorker.run(SuiteRunnerWorker.java:95)
	at org.testng.TestNG.runSuitesSequentially(TestNG.java:1249)
	at org.testng.TestNG.runSuitesLocally(TestNG.java:1169)
	at org.testng.TestNG.runSuites(TestNG.java:1092)
	at org.testng.TestNG.run(TestNG.java:1060)
	at org.testng.remote.AbstractRemoteTestNG.run(AbstractRemoteTestNG.java:115)
	at org.testng.remote.RemoteTestNG.initAndRun(RemoteTestNG.java:251)
	at org.testng.remote.RemoteTestNG.main(RemoteTestNG.java:77)

</div> <!-- stack-trace -->
                </div> <!-- method-content -->
              </div> <!-- method -->
            </div> <!-- main-panel-content rounded-window-bottom -->
          </div> <!-- suite-Default_suite-class-failed -->
          <div class="suite-Default_suite-class-skipped">
            <div class="main-panel-header rounded-window-top">
              <img src="skipped.png"/>
              <span class="class-name">com.epam.TestAutomation.API_Assignment.TestAPI</span>
            </div> <!-- main-panel-header rounded-window-top -->
            <div class="main-panel-content rounded-window-bottom">
              <div class="method">
                <div class="method-content">
                  <a name="testGetUserDetailsRequestWithUserId">
                  </a> <!-- testGetUserDetailsRequestWithUserId -->
                  <span class="method-name">testGetUserDetailsRequestWithUserId</span>
                  <div class="stack-trace">java.lang.Throwable: Method com.epam.TestAutomation.API_Assignment.TestAPI.testGetUserDetailsRequestWithUserId() on instance com.epam.TestAutomation.API_Assignment.TestAPI@6392827e depends on not successfully finished methods 
[com.epam.TestAutomation.API_Assignment.TestAPI.testLogIn() on instance com.epam.TestAutomation.API_Assignment.TestAPI@6392827e]
	at org.testng.internal.invokers.TestInvoker.invokeTestMethods(TestInvoker.java:149)
	at org.testng.internal.invokers.TestMethodWorker.invokeTestMethods(TestMethodWorker.java:146)
	at org.testng.internal.invokers.TestMethodWorker.run(TestMethodWorker.java:128)
	at java.base/java.util.ArrayList.forEach(ArrayList.java:1511)
	at org.testng.TestRunner.privateRun(TestRunner.java:808)
	at org.testng.TestRunner.run(TestRunner.java:603)
	at org.testng.SuiteRunner.runTest(SuiteRunner.java:429)
	at org.testng.SuiteRunner.runSequentially(SuiteRunner.java:423)
	at org.testng.SuiteRunner.privateRun(SuiteRunner.java:383)
	at org.testng.SuiteRunner.run(SuiteRunner.java:326)
	at org.testng.SuiteRunnerWorker.runSuite(SuiteRunnerWorker.java:52)
	at org.testng.SuiteRunnerWorker.run(SuiteRunnerWorker.java:95)
	at org.testng.TestNG.runSuitesSequentially(TestNG.java:1249)
	at org.testng.TestNG.runSuitesLocally(TestNG.java:1169)
	at org.testng.TestNG.runSuites(TestNG.java:1092)
	at org.testng.TestNG.run(TestNG.java:1060)
	at org.testng.remote.AbstractRemoteTestNG.run(AbstractRemoteTestNG.java:115)
	at org.testng.remote.RemoteTestNG.initAndRun(RemoteTestNG.java:251)
	at org.testng.remote.RemoteTestNG.main(RemoteTestNG.java:77)

</div> <!-- stack-trace -->
                </div> <!-- method-content -->
              </div> <!-- method -->
              <div class="method">
                <div class="method-content">
                  <a name="testGetUsersRequest">
                  </a> <!-- testGetUsersRequest -->
                  <span class="method-name">testGetUsersRequest</span>
                  <div class="stack-trace">java.lang.Throwable: Method com.epam.TestAutomation.API_Assignment.TestAPI.testGetUsersRequest() on instance com.epam.TestAutomation.API_Assignment.TestAPI@6392827e depends on not successfully finished methods 
[com.epam.TestAutomation.API_Assignment.TestAPI.testLogIn() on instance com.epam.TestAutomation.API_Assignment.TestAPI@6392827e]
	at org.testng.internal.invokers.TestInvoker.invokeTestMethods(TestInvoker.java:149)
	at org.testng.internal.invokers.TestMethodWorker.invokeTestMethods(TestMethodWorker.java:146)
	at org.testng.internal.invokers.TestMethodWorker.run(TestMethodWorker.java:128)
	at java.base/java.util.ArrayList.forEach(ArrayList.java:1511)
	at org.testng.TestRunner.privateRun(TestRunner.java:808)
	at org.testng.TestRunner.run(TestRunner.java:603)
	at org.testng.SuiteRunner.runTest(SuiteRunner.java:429)
	at org.testng.SuiteRunner.runSequentially(SuiteRunner.java:423)
	at org.testng.SuiteRunner.privateRun(SuiteRunner.java:383)
	at org.testng.SuiteRunner.run(SuiteRunner.java:326)
	at org.testng.SuiteRunnerWorker.runSuite(SuiteRunnerWorker.java:52)
	at org.testng.SuiteRunnerWorker.run(SuiteRunnerWorker.java:95)
	at org.testng.TestNG.runSuitesSequentially(TestNG.java:1249)
	at org.testng.TestNG.runSuitesLocally(TestNG.java:1169)
	at org.testng.TestNG.runSuites(TestNG.java:1092)
	at org.testng.TestNG.run(TestNG.java:1060)
	at org.testng.remote.AbstractRemoteTestNG.run(AbstractRemoteTestNG.java:115)
	at org.testng.remote.RemoteTestNG.initAndRun(RemoteTestNG.java:251)
	at org.testng.remote.RemoteTestNG.main(RemoteTestNG.java:77)

</div> <!-- stack-trace -->
                </div> <!-- method-content -->
              </div> <!-- method -->
              <div class="method">
                <div class="method-content">
                  <a name="testLogIn">
                  </a> <!-- testLogIn -->
                  <span class="method-name">testLogIn</span>
                  <div class="stack-trace">java.lang.Throwable: Method com.epam.TestAutomation.API_Assignment.TestAPI.testLogIn() on instance com.epam.TestAutomation.API_Assignment.TestAPI@6392827e depends on not successfully finished methods 
[com.epam.TestAutomation.API_Assignment.TestAPI.testRegistration() on instance com.epam.TestAutomation.API_Assignment.TestAPI@6392827e]
	at org.testng.internal.invokers.TestInvoker.invokeTestMethods(TestInvoker.java:149)
	at org.testng.internal.invokers.TestMethodWorker.invokeTestMethods(TestMethodWorker.java:146)
	at org.testng.internal.invokers.TestMethodWorker.run(TestMethodWorker.java:128)
	at java.base/java.util.ArrayList.forEach(ArrayList.java:1511)
	at org.testng.TestRunner.privateRun(TestRunner.java:808)
	at org.testng.TestRunner.run(TestRunner.java:603)
	at org.testng.SuiteRunner.runTest(SuiteRunner.java:429)
	at org.testng.SuiteRunner.runSequentially(SuiteRunner.java:423)
	at org.testng.SuiteRunner.privateRun(SuiteRunner.java:383)
	at org.testng.SuiteRunner.run(SuiteRunner.java:326)
	at org.testng.SuiteRunnerWorker.runSuite(SuiteRunnerWorker.java:52)
	at org.testng.SuiteRunnerWorker.run(SuiteRunnerWorker.java:95)
	at org.testng.TestNG.runSuitesSequentially(TestNG.java:1249)
	at org.testng.TestNG.runSuitesLocally(TestNG.java:1169)
	at org.testng.TestNG.runSuites(TestNG.java:1092)
	at org.testng.TestNG.run(TestNG.java:1060)
	at org.testng.remote.AbstractRemoteTestNG.run(AbstractRemoteTestNG.java:115)
	at org.testng.remote.RemoteTestNG.initAndRun(RemoteTestNG.java:251)
	at org.testng.remote.RemoteTestNG.main(RemoteTestNG.java:77)

</div> <!-- stack-trace -->
                </div> <!-- method-content -->
              </div> <!-- method -->
            </div> <!-- main-panel-content rounded-window-bottom -->
          </div> <!-- suite-Default_suite-class-skipped -->
          <div class="suite-Default_suite-class-passed">
            <div class="main-panel-header rounded-window-top">
              <img src="passed.png"/>
              <span class="class-name">com.epam.TestAutomation.API_Assignment.TestAPI</span>
            </div> <!-- main-panel-header rounded-window-top -->
            <div class="main-panel-content rounded-window-bottom">
              <div class="method">
                <div class="method-content">
                  <a name="testFetUserWithIdWithoutToken">
                  </a> <!-- testFetUserWithIdWithoutToken -->
                  <span class="method-name">testFetUserWithIdWithoutToken</span>
                </div> <!-- method-content -->
              </div> <!-- method -->
              <div class="method">
                <div class="method-content">
                  <a name="testGetResponseWithInvalidToken(c9c1647c-698a-gh93-9504-43726tyf70c4)">
                  </a> <!-- testGetResponseWithInvalidToken(c9c1647c-698a-gh93-9504-43726tyf70c4) -->
                  <span class="method-name">testGetResponseWithInvalidToken</span>
                  <span class="parameters">(c9c1647c-698a-gh93-9504-43726tyf70c4)</span>
                </div> <!-- method-content -->
              </div> <!-- method -->
              <div class="method">
                <div class="method-content">
                  <a name="testGetResponseWithInvalidToken(c9c1347c-698a-ef93-9504-43726dwf70c4)">
                  </a> <!-- testGetResponseWithInvalidToken(c9c1347c-698a-ef93-9504-43726dwf70c4) -->
                  <span class="method-name">testGetResponseWithInvalidToken</span>
                  <span class="parameters">(c9c1347c-698a-ef93-9504-43726dwf70c4)</span>
                </div> <!-- method-content -->
              </div> <!-- method -->
              <div class="method">
                <div class="method-content">
                  <a name="testGetResponseWithInvalidToken(c9c1347c-698a-ab93-9504-43726nhf70c4)">
                  </a> <!-- testGetResponseWithInvalidToken(c9c1347c-698a-ab93-9504-43726nhf70c4) -->
                  <span class="method-name">testGetResponseWithInvalidToken</span>
                  <span class="parameters">(c9c1347c-698a-ab93-9504-43726nhf70c4)</span>
                </div> <!-- method-content -->
              </div> <!-- method -->
              <div class="method">
                <div class="method-content">
                  <a name="testGetResponseWithInvalidToken(c9c1247c-698a-cd93-9504-43726adf70c4)">
                  </a> <!-- testGetResponseWithInvalidToken(c9c1247c-698a-cd93-9504-43726adf70c4) -->
                  <span class="method-name">testGetResponseWithInvalidToken</span>
                  <span class="parameters">(c9c1247c-698a-cd93-9504-43726adf70c4)</span>
                </div> <!-- method-content -->
              </div> <!-- method -->
              <div class="method">
                <div class="method-content">
                  <a name="testGetResponseWithInvalidToken(c9c1177c-698a-ij93-9504-43726zuf70c4)">
                  </a> <!-- testGetResponseWithInvalidToken(c9c1177c-698a-ij93-9504-43726zuf70c4) -->
                  <span class="method-name">testGetResponseWithInvalidToken</span>
                  <span class="parameters">(c9c1177c-698a-ij93-9504-43726zuf70c4)</span>
                </div> <!-- method-content -->
              </div> <!-- method -->
              <div class="method">
                <div class="method-content">
                  <a name="testGetUsersPageInvalidToken(c9c1347c-698a-ab93-9504-43726nhf70c4)">
                  </a> <!-- testGetUsersPageInvalidToken(c9c1347c-698a-ab93-9504-43726nhf70c4) -->
                  <span class="method-name">testGetUsersPageInvalidToken</span>
                  <span class="parameters">(c9c1347c-698a-ab93-9504-43726nhf70c4)</span>
                </div> <!-- method-content -->
              </div> <!-- method -->
              <div class="method">
                <div class="method-content">
                  <a name="testGetUsersPageInvalidToken(c9c1177c-698a-ij93-9504-43726zuf70c4)">
                  </a> <!-- testGetUsersPageInvalidToken(c9c1177c-698a-ij93-9504-43726zuf70c4) -->
                  <span class="method-name">testGetUsersPageInvalidToken</span>
                  <span class="parameters">(c9c1177c-698a-ij93-9504-43726zuf70c4)</span>
                </div> <!-- method-content -->
              </div> <!-- method -->
              <div class="method">
                <div class="method-content">
                  <a name="testGetUsersPageInvalidToken(c9c1347c-698a-ef93-9504-43726dwf70c4)">
                  </a> <!-- testGetUsersPageInvalidToken(c9c1347c-698a-ef93-9504-43726dwf70c4) -->
                  <span class="method-name">testGetUsersPageInvalidToken</span>
                  <span class="parameters">(c9c1347c-698a-ef93-9504-43726dwf70c4)</span>
                </div> <!-- method-content -->
              </div> <!-- method -->
              <div class="method">
                <div class="method-content">
                  <a name="testGetUsersPageInvalidToken(c9c1247c-698a-cd93-9504-43726adf70c4)">
                  </a> <!-- testGetUsersPageInvalidToken(c9c1247c-698a-cd93-9504-43726adf70c4) -->
                  <span class="method-name">testGetUsersPageInvalidToken</span>
                  <span class="parameters">(c9c1247c-698a-cd93-9504-43726adf70c4)</span>
                </div> <!-- method-content -->
              </div> <!-- method -->
              <div class="method">
                <div class="method-content">
                  <a name="testGetUsersPageWithoutToken">
                  </a> <!-- testGetUsersPageWithoutToken -->
                  <span class="method-name">testGetUsersPageWithoutToken</span>
                </div> <!-- method-content -->
              </div> <!-- method -->
              <div class="method">
                <div class="method-content">
                  <a name="testLogInForUnregisteredUsers(FakeEmail4@fake.com, 1234567)">
                  </a> <!-- testLogInForUnregisteredUsers(FakeEmail4@fake.com, 1234567) -->
                  <span class="method-name">testLogInForUnregisteredUsers</span>
                  <span class="parameters">(FakeEmail4@fake.com, 1234567)</span>
                </div> <!-- method-content -->
              </div> <!-- method -->
              <div class="method">
                <div class="method-content">
                  <a name="testLogInForUnregisteredUsers(FakeEmail3@fake.com, 1234567)">
                  </a> <!-- testLogInForUnregisteredUsers(FakeEmail3@fake.com, 1234567) -->
                  <span class="method-name">testLogInForUnregisteredUsers</span>
                  <span class="parameters">(FakeEmail3@fake.com, 1234567)</span>
                </div> <!-- method-content -->
              </div> <!-- method -->
              <div class="method">
                <div class="method-content">
                  <a name="testLogInForUnregisteredUsers(FakeEmail1@fake.com, 1234567)">
                  </a> <!-- testLogInForUnregisteredUsers(FakeEmail1@fake.com, 1234567) -->
                  <span class="method-name">testLogInForUnregisteredUsers</span>
                  <span class="parameters">(FakeEmail1@fake.com, 1234567)</span>
                </div> <!-- method-content -->
              </div> <!-- method -->
              <div class="method">
                <div class="method-content">
                  <a name="testLogInForUnregisteredUsers(FakeEmail2@fake.com, 1234567)">
                  </a> <!-- testLogInForUnregisteredUsers(FakeEmail2@fake.com, 1234567) -->
                  <span class="method-name">testLogInForUnregisteredUsers</span>
                  <span class="parameters">(FakeEmail2@fake.com, 1234567)</span>
                </div> <!-- method-content -->
              </div> <!-- method -->
              <div class="method">
                <div class="method-content">
                  <a name="testLogInWithValidUserNameAndWrongPassword(name2, Gszxyah21111@gmail.com, 123456)">
                  </a> <!-- testLogInWithValidUserNameAndWrongPassword(name2, Gszxyah21111@gmail.com, 123456) -->
                  <span class="method-name">testLogInWithValidUserNameAndWrongPassword</span>
                  <span class="parameters">(name2, Gszxyah21111@gmail.com, 123456)</span>
                </div> <!-- method-content -->
              </div> <!-- method -->
              <div class="method">
                <div class="method-content">
                  <a name="testLogInWithValidUserNameAndWrongPassword(name5, Gszxyah51111@gmail.com, 123456)">
                  </a> <!-- testLogInWithValidUserNameAndWrongPassword(name5, Gszxyah51111@gmail.com, 123456) -->
                  <span class="method-name">testLogInWithValidUserNameAndWrongPassword</span>
                  <span class="parameters">(name5, Gszxyah51111@gmail.com, 123456)</span>
                </div> <!-- method-content -->
              </div> <!-- method -->
              <div class="method">
                <div class="method-content">
                  <a name="testLogInWithValidUserNameAndWrongPassword(name4, Gszxyah41111@gmail.com, 123456)">
                  </a> <!-- testLogInWithValidUserNameAndWrongPassword(name4, Gszxyah41111@gmail.com, 123456) -->
                  <span class="method-name">testLogInWithValidUserNameAndWrongPassword</span>
                  <span class="parameters">(name4, Gszxyah41111@gmail.com, 123456)</span>
                </div> <!-- method-content -->
              </div> <!-- method -->
              <div class="method">
                <div class="method-content">
                  <a name="testLogInWithValidUserNameAndWrongPassword(name1, Gszxyah11111@gmail.com, 123456)">
                  </a> <!-- testLogInWithValidUserNameAndWrongPassword(name1, Gszxyah11111@gmail.com, 123456) -->
                  <span class="method-name">testLogInWithValidUserNameAndWrongPassword</span>
                  <span class="parameters">(name1, Gszxyah11111@gmail.com, 123456)</span>
                </div> <!-- method-content -->
              </div> <!-- method -->
              <div class="method">
                <div class="method-content">
                  <a name="testLogInWithValidUserNameAndWrongPassword(name3, Gszxyah31111@gmail.com, 123457)">
                  </a> <!-- testLogInWithValidUserNameAndWrongPassword(name3, Gszxyah31111@gmail.com, 123457) -->
                  <span class="method-name">testLogInWithValidUserNameAndWrongPassword</span>
                  <span class="parameters">(name3, Gszxyah31111@gmail.com, 123457)</span>
                </div> <!-- method-content -->
              </div> <!-- method -->
            </div> <!-- main-panel-content rounded-window-bottom -->
          </div> <!-- suite-Default_suite-class-passed -->
        </div> <!-- panel Default_suite -->
        <div panel-name="test-xml-Default_suite" class="panel">
          <div class="main-panel-header rounded-window-top">
            <span class="header-content">C:\Users\Vinaykumar_Kavala\AppData\Local\Temp\testng-eclipse-1525189946\testng-customsuite.xml</span>
          </div> <!-- main-panel-header rounded-window-top -->
          <div class="main-panel-content rounded-window-bottom">
            <pre>
&lt;?xml version=&quot;1.0&quot; encoding=&quot;UTF-8&quot;?&gt;
&lt;!DOCTYPE suite SYSTEM &quot;https://testng.org/testng-1.0.dtd&quot;&gt;
&lt;suite name=&quot;Default suite&quot; guice-stage=&quot;DEVELOPMENT&quot;&gt;
  &lt;test thread-count=&quot;5&quot; name=&quot;Default test&quot; verbose=&quot;2&quot;&gt;
    &lt;classes&gt;
      &lt;class name=&quot;com.epam.TestAutomation.API_Assignment.TestAPI&quot;/&gt;
    &lt;/classes&gt;
  &lt;/test&gt; &lt;!-- Default test --&gt;
&lt;/suite&gt; &lt;!-- Default suite --&gt;
            </pre>
          </div> <!-- main-panel-content rounded-window-bottom -->
        </div> <!-- panel -->
        <div panel-name="testlist-Default_suite" class="panel">
          <div class="main-panel-header rounded-window-top">
            <span class="header-content">Tests for Default suite</span>
          </div> <!-- main-panel-header rounded-window-top -->
          <div class="main-panel-content rounded-window-bottom">
            <ul>
              <li>
                <span class="test-name">Default test (1 class)</span>
              </li>
            </ul>
          </div> <!-- main-panel-content rounded-window-bottom -->
        </div> <!-- panel -->
        <div panel-name="group-Default_suite" class="panel">
          <div class="main-panel-header rounded-window-top">
            <span class="header-content">Groups for Default suite</span>
          </div> <!-- main-panel-header rounded-window-top -->
          <div class="main-panel-content rounded-window-bottom">
          </div> <!-- main-panel-content rounded-window-bottom -->
        </div> <!-- panel -->
        <div panel-name="times-Default_suite" class="panel">
          <div class="main-panel-header rounded-window-top">
            <span class="header-content">Times for Default suite</span>
          </div> <!-- main-panel-header rounded-window-top -->
          <div class="main-panel-content rounded-window-bottom">
            <div class="times-div">
              <script type="text/javascript">
suiteTableInitFunctions.push('tableData_Default_suite');
function tableData_Default_suite() {
var data = new google.visualization.DataTable();
data.addColumn('number', 'Number');
data.addColumn('string', 'Method');
data.addColumn('string', 'Class');
data.addColumn('number', 'Time (ms)');
data.addRows(30);
data.setCell(0, 0, 0)
data.setCell(0, 1, 'testGetUsersPageInvalidToken')
data.setCell(0, 2, 'com.epam.TestAutomation.API_Assignment.TestAPI')
data.setCell(0, 3, 21038);
data.setCell(1, 0, 1)
data.setCell(1, 1, 'testLogInForUnregisteredUsers')
data.setCell(1, 2, 'com.epam.TestAutomation.API_Assignment.TestAPI')
data.setCell(1, 3, 21036);
data.setCell(2, 0, 2)
data.setCell(2, 1, 'testFetUserWithIdWithoutToken')
data.setCell(2, 2, 'com.epam.TestAutomation.API_Assignment.TestAPI')
data.setCell(2, 3, 2225);
data.setCell(3, 0, 3)
data.setCell(3, 1, 'testGetUsersPageWithoutToken')
data.setCell(3, 2, 'com.epam.TestAutomation.API_Assignment.TestAPI')
data.setCell(3, 3, 1686);
data.setCell(4, 0, 4)
data.setCell(4, 1, 'testLogInForUnregisteredUsers')
data.setCell(4, 2, 'com.epam.TestAutomation.API_Assignment.TestAPI')
data.setCell(4, 3, 612);
data.setCell(5, 0, 5)
data.setCell(5, 1, 'testGetUsersPageInvalidToken')
data.setCell(5, 2, 'com.epam.TestAutomation.API_Assignment.TestAPI')
data.setCell(5, 3, 203);
data.setCell(6, 0, 6)
data.setCell(6, 1, 'testGetUsersPageInvalidToken')
data.setCell(6, 2, 'com.epam.TestAutomation.API_Assignment.TestAPI')
data.setCell(6, 3, 172);
data.setCell(7, 0, 7)
data.setCell(7, 1, 'testLogInForUnregisteredUsers')
data.setCell(7, 2, 'com.epam.TestAutomation.API_Assignment.TestAPI')
data.setCell(7, 3, 171);
data.setCell(8, 0, 8)
data.setCell(8, 1, 'testGetResponseWithInvalidToken')
data.setCell(8, 2, 'com.epam.TestAutomation.API_Assignment.TestAPI')
data.setCell(8, 3, 171);
data.setCell(9, 0, 9)
data.setCell(9, 1, 'testRegistration')
data.setCell(9, 2, 'com.epam.TestAutomation.API_Assignment.TestAPI')
data.setCell(9, 3, 169);
data.setCell(10, 0, 10)
data.setCell(10, 1, 'testGetResponseWithInvalidToken')
data.setCell(10, 2, 'com.epam.TestAutomation.API_Assignment.TestAPI')
data.setCell(10, 3, 161);
data.setCell(11, 0, 11)
data.setCell(11, 1, 'testLogInForUnregisteredUsers')
data.setCell(11, 2, 'com.epam.TestAutomation.API_Assignment.TestAPI')
data.setCell(11, 3, 159);
data.setCell(12, 0, 12)
data.setCell(12, 1, 'testRegistration')
data.setCell(12, 2, 'com.epam.TestAutomation.API_Assignment.TestAPI')
data.setCell(12, 3, 159);
data.setCell(13, 0, 13)
data.setCell(13, 1, 'testGetUsersPageInvalidToken')
data.setCell(13, 2, 'com.epam.TestAutomation.API_Assignment.TestAPI')
data.setCell(13, 3, 156);
data.setCell(14, 0, 14)
data.setCell(14, 1, 'testLogInWithValidUserNameAndWrongPassword')
data.setCell(14, 2, 'com.epam.TestAutomation.API_Assignment.TestAPI')
data.setCell(14, 3, 152);
data.setCell(15, 0, 15)
data.setCell(15, 1, 'testGetResponseWithInvalidToken')
data.setCell(15, 2, 'com.epam.TestAutomation.API_Assignment.TestAPI')
data.setCell(15, 3, 151);
data.setCell(16, 0, 16)
data.setCell(16, 1, 'testRegistration')
data.setCell(16, 2, 'com.epam.TestAutomation.API_Assignment.TestAPI')
data.setCell(16, 3, 151);
data.setCell(17, 0, 17)
data.setCell(17, 1, 'testGetResponseWithInvalidToken')
data.setCell(17, 2, 'com.epam.TestAutomation.API_Assignment.TestAPI')
data.setCell(17, 3, 148);
data.setCell(18, 0, 18)
data.setCell(18, 1, 'testGetUsersPageInvalidToken')
data.setCell(18, 2, 'com.epam.TestAutomation.API_Assignment.TestAPI')
data.setCell(18, 3, 148);
data.setCell(19, 0, 19)
data.setCell(19, 1, 'testLogInForUnregisteredUsers')
data.setCell(19, 2, 'com.epam.TestAutomation.API_Assignment.TestAPI')
data.setCell(19, 3, 145);
data.setCell(20, 0, 20)
data.setCell(20, 1, 'testLogInWithValidUserNameAndWrongPassword')
data.setCell(20, 2, 'com.epam.TestAutomation.API_Assignment.TestAPI')
data.setCell(20, 3, 142);
data.setCell(21, 0, 21)
data.setCell(21, 1, 'testRegistration')
data.setCell(21, 2, 'com.epam.TestAutomation.API_Assignment.TestAPI')
data.setCell(21, 3, 141);
data.setCell(22, 0, 22)
data.setCell(22, 1, 'testLogInWithValidUserNameAndWrongPassword')
data.setCell(22, 2, 'com.epam.TestAutomation.API_Assignment.TestAPI')
data.setCell(22, 3, 139);
data.setCell(23, 0, 23)
data.setCell(23, 1, 'testLogInWithValidUserNameAndWrongPassword')
data.setCell(23, 2, 'com.epam.TestAutomation.API_Assignment.TestAPI')
data.setCell(23, 3, 136);
data.setCell(24, 0, 24)
data.setCell(24, 1, 'testGetResponseWithInvalidToken')
data.setCell(24, 2, 'com.epam.TestAutomation.API_Assignment.TestAPI')
data.setCell(24, 3, 130);
data.setCell(25, 0, 25)
data.setCell(25, 1, 'testRegistration')
data.setCell(25, 2, 'com.epam.TestAutomation.API_Assignment.TestAPI')
data.setCell(25, 3, 128);
data.setCell(26, 0, 26)
data.setCell(26, 1, 'testLogInWithValidUserNameAndWrongPassword')
data.setCell(26, 2, 'com.epam.TestAutomation.API_Assignment.TestAPI')
data.setCell(26, 3, 124);
data.setCell(27, 0, 27)
data.setCell(27, 1, 'testGetUsersRequest')
data.setCell(27, 2, 'com.epam.TestAutomation.API_Assignment.TestAPI')
data.setCell(27, 3, 0);
data.setCell(28, 0, 28)
data.setCell(28, 1, 'testGetUserDetailsRequestWithUserId')
data.setCell(28, 2, 'com.epam.TestAutomation.API_Assignment.TestAPI')
data.setCell(28, 3, 0);
data.setCell(29, 0, 29)
data.setCell(29, 1, 'testLogIn')
data.setCell(29, 2, 'com.epam.TestAutomation.API_Assignment.TestAPI')
data.setCell(29, 3, 0);
window.suiteTableData['Default_suite']= { tableData: data, tableDiv: 'times-div-Default_suite'}
return data;
}
              </script>
              <span class="suite-total-time">Total running time: 49 seconds</span>
              <div id="times-div-Default_suite">
              </div> <!-- times-div-Default_suite -->
            </div> <!-- times-div -->
          </div> <!-- main-panel-content rounded-window-bottom -->
        </div> <!-- panel -->
        <div panel-name="reporter-Default_suite" class="panel">
          <div class="main-panel-header rounded-window-top">
            <span class="header-content">Reporter output for Default suite</span>
          </div> <!-- main-panel-header rounded-window-top -->
          <div class="main-panel-content rounded-window-bottom">
          </div> <!-- main-panel-content rounded-window-bottom -->
        </div> <!-- panel -->
        <div panel-name="ignored-methods-Default_suite" class="panel">
          <div class="main-panel-header rounded-window-top">
            <span class="header-content">0 ignored methods</span>
          </div> <!-- main-panel-header rounded-window-top -->
          <div class="main-panel-content rounded-window-bottom">
          </div> <!-- main-panel-content rounded-window-bottom -->
        </div> <!-- panel -->
        <div panel-name="chronological-Default_suite" class="panel">
          <div class="main-panel-header rounded-window-top">
            <span class="header-content">Methods in chronological order</span>
          </div> <!-- main-panel-header rounded-window-top -->
          <div class="main-panel-content rounded-window-bottom">
            <div class="chronological-class">
              <div class="chronological-class-name">com.epam.TestAutomation.API_Assignment.TestAPI</div> <!-- chronological-class-name -->
              <div class="configuration-class before">
                <span class="method-name">setUp</span>
                <span class="method-start">0 ms</span>
              </div> <!-- configuration-class before -->
              <div class="test-method">
                <span class="method-name">testFetUserWithIdWithoutToken</span>
                <span class="method-start">557 ms</span>
              </div> <!-- test-method -->
              <div class="test-method">
                <span class="method-name">testGetResponseWithInvalidToken(c9c1347c-698a-ab93-9504-43726nhf70c4)</span>
                <span class="method-start">2787 ms</span>
              </div> <!-- test-method -->
              <div class="test-method">
                <span class="method-name">testGetResponseWithInvalidToken(c9c1247c-698a-cd93-9504-43726adf70c4)</span>
                <span class="method-start">2959 ms</span>
              </div> <!-- test-method -->
              <div class="test-method">
                <span class="method-name">testGetResponseWithInvalidToken(c9c1347c-698a-ef93-9504-43726dwf70c4)</span>
                <span class="method-start">3121 ms</span>
              </div> <!-- test-method -->
              <div class="test-method">
                <span class="method-name">testGetResponseWithInvalidToken(c9c1647c-698a-gh93-9504-43726tyf70c4)</span>
                <span class="method-start">3273 ms</span>
              </div> <!-- test-method -->
              <div class="test-method">
                <span class="method-name">testGetResponseWithInvalidToken(c9c1177c-698a-ij93-9504-43726zuf70c4)</span>
                <span class="method-start">3421 ms</span>
              </div> <!-- test-method -->
              <div class="test-method">
                <span class="method-name">testGetUsersPageInvalidToken(c9c1347c-698a-ab93-9504-43726nhf70c4)</span>
                <span class="method-start">3552 ms</span>
              </div> <!-- test-method -->
              <div class="test-method">
                <span class="method-name">testGetUsersPageInvalidToken(c9c1247c-698a-cd93-9504-43726adf70c4)</span>
                <span class="method-start">3725 ms</span>
              </div> <!-- test-method -->
              <div class="test-method">
                <span class="method-name">testGetUsersPageInvalidToken(c9c1347c-698a-ef93-9504-43726dwf70c4)</span>
                <span class="method-start">3882 ms</span>
              </div> <!-- test-method -->
              <div class="test-method">
                <img src="failed.png">
                </img>
                <span class="method-name">testGetUsersPageInvalidToken(c9c1647c-698a-gh93-9504-43726tyf70c4)</span>
                <span class="method-start">4031 ms</span>
              </div> <!-- test-method -->
              <div class="test-method">
                <span class="method-name">testGetUsersPageInvalidToken(c9c1177c-698a-ij93-9504-43726zuf70c4)</span>
                <span class="method-start">25071 ms</span>
              </div> <!-- test-method -->
              <div class="test-method">
                <span class="method-name">testGetUsersPageWithoutToken</span>
                <span class="method-start">25275 ms</span>
              </div> <!-- test-method -->
              <div class="test-method">
                <span class="method-name">testLogInForUnregisteredUsers(FakeEmail1@fake.com, 1234567)</span>
                <span class="method-start">26962 ms</span>
              </div> <!-- test-method -->
              <div class="test-method">
                <span class="method-name">testLogInForUnregisteredUsers(FakeEmail2@fake.com, 1234567)</span>
                <span class="method-start">27575 ms</span>
              </div> <!-- test-method -->
              <div class="test-method">
                <span class="method-name">testLogInForUnregisteredUsers(FakeEmail3@fake.com, 1234567)</span>
                <span class="method-start">27720 ms</span>
              </div> <!-- test-method -->
              <div class="test-method">
                <span class="method-name">testLogInForUnregisteredUsers(FakeEmail4@fake.com, 1234567)</span>
                <span class="method-start">27892 ms</span>
              </div> <!-- test-method -->
              <div class="test-method">
                <img src="failed.png">
                </img>
                <span class="method-name">testLogInForUnregisteredUsers(FakeEmail5@fake.com, 1234567)</span>
                <span class="method-start">28052 ms</span>
              </div> <!-- test-method -->
              <div class="test-method">
                <img src="failed.png">
                </img>
                <span class="method-name">testRegistration(name1, Gszxyah11111@gmail.com, 123456)</span>
                <span class="method-start">49091 ms</span>
              </div> <!-- test-method -->
              <div class="test-method">
                <img src="failed.png">
                </img>
                <span class="method-name">testRegistration(name2, Gszxyah21111@gmail.com, 123456)</span>
                <span class="method-start">49233 ms</span>
              </div> <!-- test-method -->
              <div class="test-method">
                <img src="failed.png">
                </img>
                <span class="method-name">testRegistration(name3, Gszxyah31111@gmail.com, 123457)</span>
                <span class="method-start">49361 ms</span>
              </div> <!-- test-method -->
              <div class="test-method">
                <img src="failed.png">
                </img>
                <span class="method-name">testRegistration(name4, Gszxyah41111@gmail.com, 123456)</span>
                <span class="method-start">49521 ms</span>
              </div> <!-- test-method -->
              <div class="test-method">
                <img src="failed.png">
                </img>
                <span class="method-name">testRegistration(name5, Gszxyah51111@gmail.com, 123456)</span>
                <span class="method-start">49691 ms</span>
              </div> <!-- test-method -->
              <div class="test-method">
                <span class="method-name">testLogInWithValidUserNameAndWrongPassword(name1, Gszxyah11111@gmail.com, 123456)</span>
                <span class="method-start">49843 ms</span>
              </div> <!-- test-method -->
              <div class="test-method">
                <span class="method-name">testLogInWithValidUserNameAndWrongPassword(name2, Gszxyah21111@gmail.com, 123456)</span>
                <span class="method-start">49980 ms</span>
              </div> <!-- test-method -->
              <div class="test-method">
                <span class="method-name">testLogInWithValidUserNameAndWrongPassword(name3, Gszxyah31111@gmail.com, 123457)</span>
                <span class="method-start">50122 ms</span>
              </div> <!-- test-method -->
              <div class="test-method">
                <span class="method-name">testLogInWithValidUserNameAndWrongPassword(name4, Gszxyah41111@gmail.com, 123456)</span>
                <span class="method-start">50262 ms</span>
              </div> <!-- test-method -->
              <div class="test-method">
                <span class="method-name">testLogInWithValidUserNameAndWrongPassword(name5, Gszxyah51111@gmail.com, 123456)</span>
                <span class="method-start">50415 ms</span>
              </div> <!-- test-method -->
              <div class="test-method">
                <span class="method-name">testLogIn</span>
                <span class="method-start">50545 ms</span>
              </div> <!-- test-method -->
              <div class="test-method">
                <span class="method-name">testGetUserDetailsRequestWithUserId</span>
                <span class="method-start">50547 ms</span>
              </div> <!-- test-method -->
              <div class="test-method">
                <span class="method-name">testGetUsersRequest</span>
                <span class="method-start">50548 ms</span>
              </div> <!-- test-method -->
          </div> <!-- main-panel-content rounded-window-bottom -->
        </div> <!-- panel -->
      </div> <!-- main-panel-root -->
    </div> <!-- wrapper -->
  </body>
<script type="text/javascript" src="testng-reports2.js"></script>
</html>
