<?xml version="1.0" encoding="UTF-8"?>
<!-- Generated by org.testng.reporters.JUnitReportReporter -->
<testsuite hostname="EPINHYDW0D51" failures="1" tests="7" name="com.epam.selenium.SeleniumAssignment.TestOrangeHRMWithThread" time="119.991" errors="0" timestamp="2022-02-19T16:11:43 IST" skipped="0">
  <testcase classname="com.epam.selenium.SeleniumAssignment.TestOrangeHRMWithThread" name="testLogIn" time="26.398"/>
  <system-out/>
  <testcase classname="com.epam.selenium.SeleniumAssignment.TestOrangeHRMWithThread" name="testNavigateToUsers" time="4.877"/>
  <system-out/>
  <testcase classname="com.epam.selenium.SeleniumAssignment.TestOrangeHRMWithThread" name="testChangeAdminRoleOfuser" time="66.504"/>
  <system-out/>
  <testcase classname="com.epam.selenium.SeleniumAssignment.TestOrangeHRMWithThread" name="testTheChangesAdded" time="1.062">
    <failure type="java.lang.AssertionError">
      <![CDATA[java.lang.AssertionError
at com.epam.selenium.SeleniumAssignment.TestOrangeHRMWithThread.testTheChangesAdded(TestOrangeHRMWithThread.java:104)
at java.base/jdk.internal.reflect.NativeMethodAccessorImpl.invoke0(Native Method)
at java.base/jdk.internal.reflect.NativeMethodAccessorImpl.invoke(NativeMethodAccessorImpl.java:77)
at java.base/jdk.internal.reflect.DelegatingMethodAccessorImpl.invoke(DelegatingMethodAccessorImpl.java:43)
at java.base/java.lang.reflect.Method.invoke(Method.java:568)
at org.testng.internal.invokers.MethodInvocationHelper.invokeMethod(MethodInvocationHelper.java:135)
at org.testng.internal.invokers.TestInvoker.invokeMethod(TestInvoker.java:673)
at org.testng.internal.invokers.TestInvoker.invokeTestMethod(TestInvoker.java:220)
at org.testng.internal.invokers.MethodRunner.runInSequence(MethodRunner.java:50)
at org.testng.internal.invokers.TestInvoker$MethodInvocationAgent.invoke(TestInvoker.java:945)
at org.testng.internal.invokers.TestInvoker.invokeTestMethods(TestInvoker.java:193)
at org.testng.internal.invokers.TestMethodWorker.invokeTestMethods(TestMethodWorker.java:146)
at org.testng.internal.invokers.TestMethodWorker.run(TestMethodWorker.java:128)
at java.base/java.util.ArrayList.forEach(ArrayList.java:1511)
at org.testng.TestRunner.privateRun(TestRunner.java:808)
at org.testng.TestRunner.run(TestRunner.java:603)
at org.testng.SuiteRunner.runTest(SuiteRunner.java:429)
at org.testng.SuiteRunner.runSequentially(SuiteRunner.java:423)
at org.testng.SuiteRunner.privateRun(SuiteRunner.java:383)
at org.testng.SuiteRunner.run(SuiteRunner.java:326)
at org.testng.SuiteRunnerWorker.runSuite(SuiteRunnerWorker.java:52)
at org.testng.SuiteRunnerWorker.run(SuiteRunnerWorker.java:95)
at org.testng.TestNG.runSuitesSequentially(TestNG.java:1249)
at org.testng.TestNG.runSuitesLocally(TestNG.java:1169)
at org.testng.TestNG.runSuites(TestNG.java:1092)
at org.testng.TestNG.run(TestNG.java:1060)
at org.testng.remote.AbstractRemoteTestNG.run(AbstractRemoteTestNG.java:115)
at org.testng.remote.RemoteTestNG.initAndRun(RemoteTestNG.java:251)
at org.testng.remote.RemoteTestNG.main(RemoteTestNG.java:77)
]]>
    </failure>
  </testcase> <!-- testTheChangesAdded -->
  <system-out/>
  <testcase classname="com.epam.selenium.SeleniumAssignment.TestOrangeHRMWithThread" name="testChangeWhenAdminRoleRemoved" time="8.064"/>
  <system-out/>
  <testcase classname="com.epam.selenium.SeleniumAssignment.TestOrangeHRMWithThread" name="testRemoveAdminRoleChanges" time="1.051"/>
  <system-out/>
  <testcase classname="com.epam.selenium.SeleniumAssignment.TestOrangeHRMWithThread" name="testLogOut" time="12.035"/>
  <system-out/>
</testsuite> <!-- com.epam.selenium.SeleniumAssignment.TestOrangeHRMWithThread -->
