<?xml version="1.0" encoding="UTF-8"?>
<!-- Generated by org.testng.reporters.JUnitXMLReporter -->
<testsuite ignored="0" hostname="EPINHYDW0D51" failures="1" tests="23" name="LibraryTestgroups" time="0.217" errors="0" timestamp="2022-02-10T10:15:15 IST">
  <testcase classname="com.epam.TestAutomation.TestNG.TestCatalogue" name="testAddToLibraryWithUnsupportedObject" time="0.009"/>
  <testcase classname="com.epam.TestAutomation.TestNG.TestCatalogue" name="testCatalogueAddBook" time="0.006"/>
  <testcase classname="com.epam.TestAutomation.TestNG.TestCatalogue" name="testCatalogueAddBooks" time="0.002"/>
  <testcase classname="com.epam.TestAutomation.TestNG.TestCatalogue" name="testCatalogueAddBooks" time="0.001"/>
  <testcase classname="com.epam.TestAutomation.TestNG.TestCatalogue" name="testCatalogueAddBooks" time="0.002"/>
  <testcase classname="com.epam.TestAutomation.TestNG.TestCatalogue" name="testCatalogueAddBooks" time="0.003"/>
  <testcase classname="com.epam.TestAutomation.TestNG.TestCatalogue" name="testCatalogueAddBooks" time="0.002"/>
  <testcase classname="com.epam.TestAutomation.TestNG.TestCatalogue" name="testCatalogueAddBooks" time="0.002"/>
  <testcase classname="com.epam.TestAutomation.TestNG.TestCatalogue" name="testCatalogueAddBooks" time="0.003"/>
  <testcase classname="com.epam.TestAutomation.TestNG.TestCatalogue" name="testCatalogueAddBooks" time="0.003"/>
  <testcase classname="com.epam.TestAutomation.TestNG.TestCatalogue" name="testCatalogueAddBooks" time="0.003"/>
  <testcase classname="com.epam.TestAutomation.TestNG.TestCatalogue" name="testCatalogueAddBooks" time="0.003"/>
  <testcase classname="com.epam.TestAutomation.TestNG.TestCatalogue" name="testCatalogueRemoveNonExistingBook" time="0.002"/>
  <testcase classname="com.epam.TestAutomation.TestNG.TestCatalogue" name="testCatalogueSearchByAuthorname" time="0.004"/>
  <testcase classname="com.epam.TestAutomation.TestNG.TestCatalogue" name="testCatalogueSearchByAuthornameWhchDoesNotExist" time="0.002"/>
  <testcase classname="com.epam.TestAutomation.TestNG.TestCatalogue" name="testCatalogueSearchByBookName" time="0.002"/>
  <testcase classname="com.epam.TestAutomation.TestNG.TestCatalogue" name="testCatalogueSearchByBookNamePara" time="0.0">
    <failure type="org.testng.TestNGException" message="
Parameter &amp;apos;searchStr&amp;apos; is required by @Test on method testCatalogueSearchByBookNamePara but has not been marked @Optional or defined
in C:\Users\Vinaykumar_Kavala\TestAutomation\TestNG\src\TestLibraryGroups.xml">
      <![CDATA[org.testng.TestNGException: 
Parameter 'searchStr' is required by @Test on method testCatalogueSearchByBookNamePara but has not been marked @Optional or defined
in C:\Users\Vinaykumar_Kavala\TestAutomation\TestNG\src\TestLibraryGroups.xml
at java.base/java.util.ArrayList.forEach(ArrayList.java:1511)
... Removed 26 stack frames]]>
    </failure>
  </testcase> <!-- testCatalogueSearchByBookNamePara -->
  <testcase classname="com.epam.TestAutomation.TestNG.TestCatalogue" name="testAddToLibraryWithSupportedObject" time="0.002"/>
  <testcase classname="com.epam.TestAutomation.TestNG.TestCatalogue" name="testCatalogueAddBooks" time="0.002"/>
  <testcase classname="com.epam.TestAutomation.TestNG.TestCatalogue" name="testCatalogueRemoveBook" time="0.001"/>
  <testcase classname="com.epam.TestAutomation.TestNG.TestCatalogue" name="testCatalogueSearchByBookNamewhichDoesNotExist" time="0.001"/>
  <testcase classname="com.epam.TestAutomation.TestNG.TestCatalogue" name="testARemoveNewlyAddedBook2" time="0.001"/>
  <testcase classname="com.epam.TestAutomation.TestNG.TestCatalogue" name="testARemoveNewlyAddedBook" time="0.001"/>
</testsuite> <!-- LibraryTestgroups -->
