<?xml version="1.0" encoding="UTF-8"?>
<!-- Generated by org.testng.reporters.JUnitXMLReporter -->
<testsuite ignored="2" hostname="EPINHYDW0D51" failures="0" tests="7" name="Default test" time="0.079" errors="0" timestamp="2022-02-20T23:46:06 IST">
  <testcase classname="com.epam.selenium.SeleniumAssignment.OrangeHrmApplyLeaveFunctionalityWithDifferentScenarios" name="@BeforeClass setUp" time="-1.64538096628E9">
    <failure type="org.testng.TestNGException" message="
Parameter &amp;apos;driverName&amp;apos; is required by BeforeClass on method setUp but has not been marked @Optional or defined
in C:\Users\Vinaykumar_Kavala\AppData\Local\Temp\testng-eclipse--1280175782\testng-customsuite.xml">
      <![CDATA[org.testng.TestNGException: 
Parameter 'driverName' is required by BeforeClass on method setUp but has not been marked @Optional or defined
in C:\Users\Vinaykumar_Kavala\AppData\Local\Temp\testng-eclipse--1280175782\testng-customsuite.xml
at org.testng.internal.Parameters.createParams(Parameters.java:267)
at org.testng.internal.Parameters.createParametersForMethod(Parameters.java:355)
at org.testng.internal.Parameters.createParameters(Parameters.java:660)
at org.testng.internal.Parameters.createConfigurationParameters(Parameters.java:166)
at org.testng.internal.invokers.ConfigInvoker.invokeConfigurations(ConfigInvoker.java:300)
at org.testng.internal.invokers.TestMethodWorker.invokeBeforeClassMethods(TestMethodWorker.java:178)
at org.testng.internal.invokers.TestMethodWorker.run(TestMethodWorker.java:122)
at java.base/java.util.ArrayList.forEach(ArrayList.java:1511)
at org.testng.TestRunner.privateRun(TestRunner.java:808)
at org.testng.TestRunner.run(TestRunner.java:603)
at org.testng.SuiteRunner.runTest(SuiteRunner.java:429)
at org.testng.SuiteRunner.runSequentially(SuiteRunner.java:423)
at org.testng.SuiteRunner.privateRun(SuiteRunner.java:383)
at org.testng.SuiteRunner.run(SuiteRunner.java:326)
at org.testng.SuiteRunnerWorker.runSuite(SuiteRunnerWorker.java:52)
at org.testng.SuiteRunnerWorker.run(SuiteRunnerWorker.java:95)
at org.testng.TestNG.runSuitesSequentially(TestNG.java:1249)
at org.testng.TestNG.runSuitesLocally(TestNG.java:1169)
at org.testng.TestNG.runSuites(TestNG.java:1092)
at org.testng.TestNG.run(TestNG.java:1060)
at org.testng.remote.AbstractRemoteTestNG.run(AbstractRemoteTestNG.java:115)
at org.testng.remote.RemoteTestNG.initAndRun(RemoteTestNG.java:251)
at org.testng.remote.RemoteTestNG.main(RemoteTestNG.java:77)
]]>
    </failure>
  </testcase> <!-- @BeforeClass setUp -->
  <testcase classname="com.epam.selenium.SeleniumAssignment.OrangeHrmApplyLeaveFunctionalityWithDifferentScenarios" name="testNavigationToApplyLeavePageFromDashBoardPage" time="0.0">
    <skipped/>
  </testcase> <!-- testNavigationToApplyLeavePageFromDashBoardPage -->
  <testcase classname="com.epam.selenium.SeleniumAssignment.OrangeHrmApplyLeaveFunctionalityWithDifferentScenarios" name="testSelectLeaveTypeInDropDownInApplyLeavePage" time="0.0">
    <skipped/>
  </testcase> <!-- testSelectLeaveTypeInDropDownInApplyLeavePage -->
  <testcase classname="com.epam.selenium.SeleniumAssignment.OrangeHrmApplyLeaveFunctionalityWithDifferentScenarios" name="testErrorMessageWhenFromDateIsAfterToDate" time="0.0">
    <skipped/>
  </testcase> <!-- testErrorMessageWhenFromDateIsAfterToDate -->
  <testcase classname="com.epam.selenium.SeleniumAssignment.OrangeHrmApplyLeaveFunctionalityWithDifferentScenarios" name="testErrorMessageDisappearanceAfterToDateModified" time="0.0">
    <skipped/>
  </testcase> <!-- testErrorMessageDisappearanceAfterToDateModified -->
  <testcase classname="com.epam.selenium.SeleniumAssignment.OrangeHrmApplyLeaveFunctionalityWithDifferentScenarios" name="testLeaveBalnceAvailable" time="0.0">
    <skipped/>
  </testcase> <!-- testLeaveBalnceAvailable -->
  <testcase classname="com.epam.selenium.SeleniumAssignment.OrangeHrmApplyLeaveFunctionalityWithDifferentScenarios" name="testNavigateToLeaveListPageFromApplyLeavePage" time="0.0">
    <skipped/>
  </testcase> <!-- testNavigateToLeaveListPageFromApplyLeavePage -->
  <testcase classname="com.epam.selenium.SeleniumAssignment.OrangeHrmApplyLeaveFunctionalityWithDifferentScenarios" name="FillTheLeaveListForm" time="0.0">
    <skipped/>
  </testcase> <!-- FillTheLeaveListForm -->
  <testcase classname="com.epam.selenium.SeleniumAssignment.OrangeHrmApplyLeaveFunctionalityWithDifferentScenarios" name="closeBrowser" time="0.0">
    <ignored/>
  </testcase> <!-- closeBrowser -->
  <testcase classname="com.epam.selenium.SeleniumAssignment.OrangeHrmApplyLeaveFunctionalityWithDifferentScenarios" name="testNoRecordsFoundMessageDisplay" time="0.0">
    <ignored/>
  </testcase> <!-- testNoRecordsFoundMessageDisplay -->
</testsuite> <!-- Default test -->
