<?xml version="1.0" encoding="UTF-8"?>
<!-- Generated by org.testng.reporters.JUnitReportReporter -->
<testsuite hostname="EPINHYDW0D51" failures="0" tests="23" name="com.epam.TestAutomation.TestNG.TestCatalogue" time="0.022" errors="1" timestamp="2022-02-10T11:51:25 IST" skipped="0">
  <testcase classname="com.epam.TestAutomation.TestNG.TestCatalogue" name="testCatalogueSearchByAuthornameWhchDoesNotExist" time="0.000"/>
  <system-out/>
  <testcase classname="com.epam.TestAutomation.TestNG.TestCatalogue" name="testAddToLibraryWithUnsupportedObject" time="0.004"/>
  <system-out/>
  <testcase classname="com.epam.TestAutomation.TestNG.TestCatalogue" name="testAddToLibraryWithSupportedObject" time="0.002"/>
  <system-out/>
  <testcase classname="com.epam.TestAutomation.TestNG.TestCatalogue" name="testCatalogueSearchByBookNamewhichDoesNotExist" time="0.000"/>
  <system-out/>
  <testcase classname="com.epam.TestAutomation.TestNG.TestCatalogue" name="testCatalogueAddBooks" time="0.001"/>
  <system-out/>
  <testcase classname="com.epam.TestAutomation.TestNG.TestCatalogue" name="testCatalogueAddBooks" time="0.001"/>
  <system-out/>
  <testcase classname="com.epam.TestAutomation.TestNG.TestCatalogue" name="testCatalogueRemoveBook" time="0.001"/>
  <system-out/>
  <testcase classname="com.epam.TestAutomation.TestNG.TestCatalogue" name="testCatalogueAddBooks" time="0.000"/>
  <system-out/>
  <testcase classname="com.epam.TestAutomation.TestNG.TestCatalogue" name="testCatalogueAddBooks" time="0.000"/>
  <system-out/>
  <testcase classname="com.epam.TestAutomation.TestNG.TestCatalogue" name="testCatalogueAddBooks" time="0.001"/>
  <system-out/>
  <testcase classname="com.epam.TestAutomation.TestNG.TestCatalogue" name="testCatalogueRemoveNonExistingBook" time="0.000"/>
  <system-out/>
  <testcase classname="com.epam.TestAutomation.TestNG.TestCatalogue" name="testCatalogueSearchByAuthorname" time="0.001"/>
  <system-out/>
  <testcase classname="com.epam.TestAutomation.TestNG.TestCatalogue" name="testARemoveNewlyAddedBook" time="0.000"/>
  <system-out/>
  <testcase classname="com.epam.TestAutomation.TestNG.TestCatalogue" name="testCatalogueAddBook" time="0.003"/>
  <system-out/>
  <testcase classname="com.epam.TestAutomation.TestNG.TestCatalogue" name="testCatalogueAddBooks" time="0.001"/>
  <system-out/>
  <testcase classname="com.epam.TestAutomation.TestNG.TestCatalogue" name="testARemoveNewlyAddedBook2" time="0.000"/>
  <system-out/>
  <testcase classname="com.epam.TestAutomation.TestNG.TestCatalogue" name="testCatalogueSearchByBookNamePara" time="0.000">
    <error message="
Parameter &#039;searchStr&#039; is required by @Test on method testCatalogueSearchByBookNamePara but has not been marked @Optional or defined
in C:\Users\Vinaykumar_Kavala\AppData\Local\Temp\testng-eclipse--883181733\testng-customsuite.xml" type="org.testng.TestNGException">
      <![CDATA[org.testng.TestNGException: 
Parameter 'searchStr' is required by @Test on method testCatalogueSearchByBookNamePara but has not been marked @Optional or defined
in C:\Users\Vinaykumar_Kavala\AppData\Local\Temp\testng-eclipse--883181733\testng-customsuite.xml
at org.testng.internal.Parameters.createParams(Parameters.java:267)
at org.testng.internal.Parameters.createParametersForMethod(Parameters.java:355)
at org.testng.internal.Parameters.createParameters(Parameters.java:660)
at org.testng.internal.Parameters.handleParameters(Parameters.java:856)
at org.testng.internal.Parameters.handleParameters(Parameters.java:704)
at org.testng.internal.invokers.ParameterHandler.handleParameters(ParameterHandler.java:70)
at org.testng.internal.invokers.ParameterHandler.createParameters(ParameterHandler.java:49)
at org.testng.internal.invokers.TestInvoker$MethodInvocationAgent.invoke(TestInvoker.java:904)
at org.testng.internal.invokers.TestInvoker.invokeTestMethods(TestInvoker.java:193)
at org.testng.internal.invokers.TestMethodWorker.invokeTestMethods(TestMethodWorker.java:146)
at org.testng.internal.invokers.TestMethodWorker.run(TestMethodWorker.java:128)
at java.base/java.util.ArrayList.forEach(ArrayList.java:1511)
at org.testng.TestRunner.privateRun(TestRunner.java:808)
at org.testng.TestRunner.run(TestRunner.java:603)
at org.testng.SuiteRunner.runTest(SuiteRunner.java:429)
at org.testng.SuiteRunner.runSequentially(SuiteRunner.java:423)
at org.testng.SuiteRunner.privateRun(SuiteRunner.java:383)
at org.testng.SuiteRunner.run(SuiteRunner.java:326)
at org.testng.SuiteRunnerWorker.runSuite(SuiteRunnerWorker.java:52)
at org.testng.SuiteRunnerWorker.run(SuiteRunnerWorker.java:95)
at org.testng.TestNG.runSuitesSequentially(TestNG.java:1249)
at org.testng.TestNG.runSuitesLocally(TestNG.java:1169)
at org.testng.TestNG.runSuites(TestNG.java:1092)
at org.testng.TestNG.run(TestNG.java:1060)
at org.testng.remote.AbstractRemoteTestNG.run(AbstractRemoteTestNG.java:115)
at org.testng.remote.RemoteTestNG.initAndRun(RemoteTestNG.java:251)
at org.testng.remote.RemoteTestNG.main(RemoteTestNG.java:77)
]]>
    </error>
  </testcase> <!-- testCatalogueSearchByBookNamePara -->
  <system-out/>
  <testcase classname="com.epam.TestAutomation.TestNG.TestCatalogue" name="testCatalogueSearchByBookName" time="0.002"/>
  <system-out/>
  <testcase classname="com.epam.TestAutomation.TestNG.TestCatalogue" name="testCatalogueAddBooks" time="0.000"/>
  <system-out/>
  <testcase classname="com.epam.TestAutomation.TestNG.TestCatalogue" name="testCatalogueAddBooks" time="0.001"/>
  <system-out/>
  <testcase classname="com.epam.TestAutomation.TestNG.TestCatalogue" name="testCatalogueAddBooks" time="0.001"/>
  <system-out/>
  <testcase classname="com.epam.TestAutomation.TestNG.TestCatalogue" name="testCatalogueAddBooks" time="0.001"/>
  <system-out/>
  <testcase classname="com.epam.TestAutomation.TestNG.TestCatalogue" name="testCatalogueAddBooks" time="0.002"/>
  <system-out/>
</testsuite> <!-- com.epam.TestAutomation.TestNG.TestCatalogue -->
